<?xml version="1.0" encoding="UTF-8"?>
<testsuite xmlns:xsi="http://www.w3.org/2001/XMLSchema-instance" xsi:noNamespaceSchemaLocation="https://maven.apache.org/surefire/maven-surefire-plugin/xsd/surefire-test-report.xsd" name="com.upgrad.quora.api.controller.AnswerControllerTest" time="0.215" tests="7" errors="2" skipped="0" failures="0">
  <properties>
[...]
</properties>
  <testcase name="editAnswerWithNonExistingAccessToken" classname="com.upgrad.quora.api.controller.AnswerControllerTest" time="0.014"/>
  <testcase name="createAnswerForNonExistingQuestion" classname="com.upgrad.quora.api.controller.AnswerControllerTest" time="0.028"/>
  <testcase name="editAnswerWithoutOwnership" classname="com.upgrad.quora.api.controller.AnswerControllerTest" time="0.028">
    <error message="Request processing failed; nested exception is org.springframework.dao.InvalidDataAccessResourceUsageException: could not extract ResultSet; SQL [n/a]; nested exception is org.hibernate.exception.SQLGrammarException: could not extract ResultSet" type="org.springframework.web.util.NestedServletException">org.springframework.web.util.NestedServletException: Request processing failed; nested exception is org.springframework.dao.InvalidDataAccessResourceUsageException: could not extract ResultSet; SQL [n/a]; nested exception is org.hibernate.exception.SQLGrammarException: could not extract ResultSet
	at com.upgrad.quora.api.controller.AnswerControllerTest.editAnswerWithoutOwnership(AnswerControllerTest.java:78)
Caused by: org.springframework.dao.InvalidDataAccessResourceUsageException: could not extract ResultSet; SQL [n/a]; nested exception is org.hibernate.exception.SQLGrammarException: could not extract ResultSet
	at com.upgrad.quora.api.controller.AnswerControllerTest.editAnswerWithoutOwnership(AnswerControllerTest.java:78)
Caused by: org.hibernate.exception.SQLGrammarException: could not extract ResultSet
	at com.upgrad.quora.api.controller.AnswerControllerTest.editAnswerWithoutOwnership(AnswerControllerTest.java:78)
Caused by: org.postgresql.util.PSQLException: 
ERROR: column answer0_.role does not exist
  Position: 121
	at com.upgrad.quora.api.controller.AnswerControllerTest.editAnswerWithoutOwnership(AnswerControllerTest.java:78)
</error>
    <system-out><![CDATA[2020-06-06 14:57:05.171  WARN 32237 --- [           main] o.h.engine.jdbc.spi.SqlExceptionHelper   : SQL Error: 0, SQLState: 42703
2020-06-06 14:57:05.171 ERROR 32237 --- [           main] o.h.engine.jdbc.spi.SqlExceptionHelper   : ERROR: column answer0_.role does not exist
  Position: 121

MockHttpServletRequest:
      HTTP Method = POST
      Request URI = /user/signup
       Parameters = {firstName=[a], lastName=[a], userName=[non_existing_username], emailAddress=[database_email], password=[a], country=[a], aboutMe=[a], dob=[a], contactNumber=[a]}
          Headers = {Content-Type=[application/json;charset=UTF-8]}
             Body = null
    Session Attrs = {}

Handler:
             Type = com.upgrad.quora.api.controller.UserController
           Method = public org.springframework.http.ResponseEntity<com.upgrad.quora.api.model.SignupUserResponse> com.upgrad.quora.api.controller.UserController.signup(com.upgrad.quora.api.model.SignupUserRequest) throws com.upgrad.quora.service.exception.SignUpRestrictedException

Async:
    Async started = false
     Async result = null

Resolved Exception:
             Type = com.upgrad.quora.service.exception.SignUpRestrictedException

ModelAndView:
        View name = null
             View = null
            Model = null

FlashMap:
       Attributes = null

MockHttpServletResponse:
           Status = 409
    Error message = null
          Headers = {Content-Type=[application/json;charset=UTF-8]}
     Content type = application/json;charset=UTF-8
             Body = {"code":"SGR-002","message":"This user has already been registered, try with any other emailId","root_cause":null}
    Forwarded URL = null
   Redirected URL = null
          Cookies = []

MockHttpServletRequest:
      HTTP Method = POST
      Request URI = /user/signout
       Parameters = {}
          Headers = {authorization=[non_existing_access_token]}
             Body = null
    Session Attrs = {}

Handler:
             Type = com.upgrad.quora.api.controller.UserController
           Method = public org.springframework.http.ResponseEntity<com.upgrad.quora.api.model.SignoutResponse> com.upgrad.quora.api.controller.UserController.logout(java.lang.String) throws com.upgrad.quora.service.exception.SignOutRestrictedException

Async:
    Async started = false
     Async result = null

Resolved Exception:
             Type = com.upgrad.quora.service.exception.SignOutRestrictedException

ModelAndView:
        View name = null
             View = null
            Model = null

FlashMap:
       Attributes = null

MockHttpServletResponse:
           Status = 401
    Error message = null
          Headers = {Content-Type=[application/json;charset=UTF-8]}
     Content type = application/json;charset=UTF-8
             Body = {"code":"SGR-001","message":"User is not Signed in","root_cause":null}
    Forwarded URL = null
   Redirected URL = null
          Cookies = []

MockHttpServletRequest:
      HTTP Method = POST
      Request URI = /user/signup
       Parameters = {firstName=[a], lastName=[a], userName=[database_username], emailAddress=[a], password=[a], country=[a], aboutMe=[a], dob=[a], contactNumber=[a]}
          Headers = {Content-Type=[application/json;charset=UTF-8]}
             Body = null
    Session Attrs = {}

Handler:
             Type = com.upgrad.quora.api.controller.UserController
           Method = public org.springframework.http.ResponseEntity<com.upgrad.quora.api.model.SignupUserResponse> com.upgrad.quora.api.controller.UserController.signup(com.upgrad.quora.api.model.SignupUserRequest) throws com.upgrad.quora.service.exception.SignUpRestrictedException

Async:
    Async started = false
     Async result = null

Resolved Exception:
             Type = com.upgrad.quora.service.exception.SignUpRestrictedException

ModelAndView:
        View name = null
             View = null
            Model = null

FlashMap:
       Attributes = null

MockHttpServletResponse:
           Status = 409
    Error message = null
          Headers = {Content-Type=[application/json;charset=UTF-8]}
     Content type = application/json;charset=UTF-8
             Body = {"code":"SGR-001","message":"Try any other Username, this Username has already been taken","root_cause":null}
    Forwarded URL = null
   Redirected URL = null
          Cookies = []

MockHttpServletRequest:
      HTTP Method = PUT
      Request URI = /answer/edit/database_answer_uuid
       Parameters = {content=[edited_answer]}
          Headers = {Content-Type=[application/json;charset=UTF-8], authorization=[non_existing_access_token]}
             Body = null
    Session Attrs = {}

Handler:
             Type = com.upgrad.quora.api.controller.AnswerController
           Method = public org.springframework.http.ResponseEntity<com.upgrad.quora.api.model.AnswerEditResponse> com.upgrad.quora.api.controller.AnswerController.editAnswerContent(com.upgrad.quora.api.model.AnswerEditRequest,java.lang.String,java.lang.String) throws com.upgrad.quora.service.exception.AuthorizationFailedException,com.upgrad.quora.service.exception.AnswerNotFoundException

Async:
    Async started = false
     Async result = null

Resolved Exception:
             Type = com.upgrad.quora.service.exception.AuthorizationFailedException

ModelAndView:
        View name = null
             View = null
            Model = null

FlashMap:
       Attributes = null

MockHttpServletResponse:
           Status = 403
    Error message = null
          Headers = {Content-Type=[application/json;charset=UTF-8]}
     Content type = application/json;charset=UTF-8
             Body = {"code":"ATHR-001","message":"User has not signed in","root_cause":null}
    Forwarded URL = null
   Redirected URL = null
          Cookies = []

MockHttpServletRequest:
      HTTP Method = POST
      Request URI = /question/non_existing_question_uuid/answer/create
       Parameters = {answer=[my_answer]}
          Headers = {Content-Type=[application/json;charset=UTF-8], authorization=[database_accesstoken]}
             Body = null
    Session Attrs = {}

Handler:
             Type = com.upgrad.quora.api.controller.AnswerController
           Method = public org.springframework.http.ResponseEntity<com.upgrad.quora.api.model.AnswerResponse> com.upgrad.quora.api.controller.AnswerController.createAnswer(com.upgrad.quora.api.model.AnswerRequest,java.lang.String,java.lang.String) throws com.upgrad.quora.service.exception.AuthorizationFailedException,com.upgrad.quora.service.exception.InvalidQuestionException

Async:
    Async started = false
     Async result = null

Resolved Exception:
             Type = com.upgrad.quora.service.exception.InvalidQuestionException

ModelAndView:
        View name = null
             View = null
            Model = null

FlashMap:
       Attributes = null

MockHttpServletResponse:
           Status = 404
    Error message = null
          Headers = {Content-Type=[application/json;charset=UTF-8]}
     Content type = application/json;charset=UTF-8
             Body = {"code":"QUES-001","message":"The question entered is invalid","root_cause":null}
    Forwarded URL = null
   Redirected URL = null
          Cookies = []
]]></system-out>
  </testcase>
  <testcase name="editAnswerWithSignedOutUser" classname="com.upgrad.quora.api.controller.AnswerControllerTest" time="0.003"/>
  <testcase name="createAnswerWithNonExistingAccessToken" classname="com.upgrad.quora.api.controller.AnswerControllerTest" time="0.005"/>
  <testcase name="createAnswerWithSignedOutUser" classname="com.upgrad.quora.api.controller.AnswerControllerTest" time="0.006"/>
  <testcase name="editNonExistingAnswer" classname="com.upgrad.quora.api.controller.AnswerControllerTest" time="0.02">
    <error message="Request processing failed; nested exception is org.springframework.dao.InvalidDataAccessResourceUsageException: could not extract ResultSet; SQL [n/a]; nested exception is org.hibernate.exception.SQLGrammarException: could not extract ResultSet" type="org.springframework.web.util.NestedServletException">org.springframework.web.util.NestedServletException: Request processing failed; nested exception is org.springframework.dao.InvalidDataAccessResourceUsageException: could not extract ResultSet; SQL [n/a]; nested exception is org.hibernate.exception.SQLGrammarException: could not extract ResultSet
	at com.upgrad.quora.api.controller.AnswerControllerTest.editNonExistingAnswer(AnswerControllerTest.java:70)
Caused by: org.springframework.dao.InvalidDataAccessResourceUsageException: could not extract ResultSet; SQL [n/a]; nested exception is org.hibernate.exception.SQLGrammarException: could not extract ResultSet
	at com.upgrad.quora.api.controller.AnswerControllerTest.editNonExistingAnswer(AnswerControllerTest.java:70)
Caused by: org.hibernate.exception.SQLGrammarException: could not extract ResultSet
	at com.upgrad.quora.api.controller.AnswerControllerTest.editNonExistingAnswer(AnswerControllerTest.java:70)
Caused by: org.postgresql.util.PSQLException: 
ERROR: column answer0_.role does not exist
  Position: 121
	at com.upgrad.quora.api.controller.AnswerControllerTest.editNonExistingAnswer(AnswerControllerTest.java:70)
</error>
    <system-out><![CDATA[2020-06-06 14:57:05.206  WARN 32237 --- [           main] o.h.engine.jdbc.spi.SqlExceptionHelper   : SQL Error: 0, SQLState: 42703
2020-06-06 14:57:05.206 ERROR 32237 --- [           main] o.h.engine.jdbc.spi.SqlExceptionHelper   : ERROR: column answer0_.role does not exist
  Position: 121

MockHttpServletRequest:
      HTTP Method = POST
      Request URI = /user/signup
       Parameters = {firstName=[a], lastName=[a], userName=[non_existing_username], emailAddress=[database_email], password=[a], country=[a], aboutMe=[a], dob=[a], contactNumber=[a]}
          Headers = {Content-Type=[application/json;charset=UTF-8]}
             Body = null
    Session Attrs = {}

Handler:
             Type = com.upgrad.quora.api.controller.UserController
           Method = public org.springframework.http.ResponseEntity<com.upgrad.quora.api.model.SignupUserResponse> com.upgrad.quora.api.controller.UserController.signup(com.upgrad.quora.api.model.SignupUserRequest) throws com.upgrad.quora.service.exception.SignUpRestrictedException

Async:
    Async started = false
     Async result = null

Resolved Exception:
             Type = com.upgrad.quora.service.exception.SignUpRestrictedException

ModelAndView:
        View name = null
             View = null
            Model = null

FlashMap:
       Attributes = null

MockHttpServletResponse:
           Status = 409
    Error message = null
          Headers = {Content-Type=[application/json;charset=UTF-8]}
     Content type = application/json;charset=UTF-8
             Body = {"code":"SGR-002","message":"This user has already been registered, try with any other emailId","root_cause":null}
    Forwarded URL = null
   Redirected URL = null
          Cookies = []

MockHttpServletRequest:
      HTTP Method = POST
      Request URI = /user/signout
       Parameters = {}
          Headers = {authorization=[non_existing_access_token]}
             Body = null
    Session Attrs = {}

Handler:
             Type = com.upgrad.quora.api.controller.UserController
           Method = public org.springframework.http.ResponseEntity<com.upgrad.quora.api.model.SignoutResponse> com.upgrad.quora.api.controller.UserController.logout(java.lang.String) throws com.upgrad.quora.service.exception.SignOutRestrictedException

Async:
    Async started = false
     Async result = null

Resolved Exception:
             Type = com.upgrad.quora.service.exception.SignOutRestrictedException

ModelAndView:
        View name = null
             View = null
            Model = null

FlashMap:
       Attributes = null

MockHttpServletResponse:
           Status = 401
    Error message = null
          Headers = {Content-Type=[application/json;charset=UTF-8]}
     Content type = application/json;charset=UTF-8
             Body = {"code":"SGR-001","message":"User is not Signed in","root_cause":null}
    Forwarded URL = null
   Redirected URL = null
          Cookies = []

MockHttpServletRequest:
      HTTP Method = POST
      Request URI = /user/signup
       Parameters = {firstName=[a], lastName=[a], userName=[database_username], emailAddress=[a], password=[a], country=[a], aboutMe=[a], dob=[a], contactNumber=[a]}
          Headers = {Content-Type=[application/json;charset=UTF-8]}
             Body = null
    Session Attrs = {}

Handler:
             Type = com.upgrad.quora.api.controller.UserController
           Method = public org.springframework.http.ResponseEntity<com.upgrad.quora.api.model.SignupUserResponse> com.upgrad.quora.api.controller.UserController.signup(com.upgrad.quora.api.model.SignupUserRequest) throws com.upgrad.quora.service.exception.SignUpRestrictedException

Async:
    Async started = false
     Async result = null

Resolved Exception:
             Type = com.upgrad.quora.service.exception.SignUpRestrictedException

ModelAndView:
        View name = null
             View = null
            Model = null

FlashMap:
       Attributes = null

MockHttpServletResponse:
           Status = 409
    Error message = null
          Headers = {Content-Type=[application/json;charset=UTF-8]}
     Content type = application/json;charset=UTF-8
             Body = {"code":"SGR-001","message":"Try any other Username, this Username has already been taken","root_cause":null}
    Forwarded URL = null
   Redirected URL = null
          Cookies = []

MockHttpServletRequest:
      HTTP Method = PUT
      Request URI = /answer/edit/database_answer_uuid
       Parameters = {content=[edited_answer]}
          Headers = {Content-Type=[application/json;charset=UTF-8], authorization=[non_existing_access_token]}
             Body = null
    Session Attrs = {}

Handler:
             Type = com.upgrad.quora.api.controller.AnswerController
           Method = public org.springframework.http.ResponseEntity<com.upgrad.quora.api.model.AnswerEditResponse> com.upgrad.quora.api.controller.AnswerController.editAnswerContent(com.upgrad.quora.api.model.AnswerEditRequest,java.lang.String,java.lang.String) throws com.upgrad.quora.service.exception.AuthorizationFailedException,com.upgrad.quora.service.exception.AnswerNotFoundException

Async:
    Async started = false
     Async result = null

Resolved Exception:
             Type = com.upgrad.quora.service.exception.AuthorizationFailedException

ModelAndView:
        View name = null
             View = null
            Model = null

FlashMap:
       Attributes = null

MockHttpServletResponse:
           Status = 403
    Error message = null
          Headers = {Content-Type=[application/json;charset=UTF-8]}
     Content type = application/json;charset=UTF-8
             Body = {"code":"ATHR-001","message":"User has not signed in","root_cause":null}
    Forwarded URL = null
   Redirected URL = null
          Cookies = []

MockHttpServletRequest:
      HTTP Method = POST
      Request URI = /question/non_existing_question_uuid/answer/create
       Parameters = {answer=[my_answer]}
          Headers = {Content-Type=[application/json;charset=UTF-8], authorization=[database_accesstoken]}
             Body = null
    Session Attrs = {}

Handler:
             Type = com.upgrad.quora.api.controller.AnswerController
           Method = public org.springframework.http.ResponseEntity<com.upgrad.quora.api.model.AnswerResponse> com.upgrad.quora.api.controller.AnswerController.createAnswer(com.upgrad.quora.api.model.AnswerRequest,java.lang.String,java.lang.String) throws com.upgrad.quora.service.exception.AuthorizationFailedException,com.upgrad.quora.service.exception.InvalidQuestionException

Async:
    Async started = false
     Async result = null

Resolved Exception:
             Type = com.upgrad.quora.service.exception.InvalidQuestionException

ModelAndView:
        View name = null
             View = null
            Model = null

FlashMap:
       Attributes = null

MockHttpServletResponse:
           Status = 404
    Error message = null
          Headers = {Content-Type=[application/json;charset=UTF-8]}
     Content type = application/json;charset=UTF-8
             Body = {"code":"QUES-001","message":"The question entered is invalid","root_cause":null}
    Forwarded URL = null
   Redirected URL = null
          Cookies = []

MockHttpServletRequest:
      HTTP Method = PUT
      Request URI = /answer/edit/database_answer_uuid
       Parameters = {content=[edited_answer]}
          Headers = {Content-Type=[application/json;charset=UTF-8], authorization=[database_accesstoken3]}
             Body = null
    Session Attrs = {}

Handler:
             Type = com.upgrad.quora.api.controller.AnswerController
           Method = public org.springframework.http.ResponseEntity<com.upgrad.quora.api.model.AnswerEditResponse> com.upgrad.quora.api.controller.AnswerController.editAnswerContent(com.upgrad.quora.api.model.AnswerEditRequest,java.lang.String,java.lang.String) throws com.upgrad.quora.service.exception.AuthorizationFailedException,com.upgrad.quora.service.exception.AnswerNotFoundException

Async:
    Async started = false
     Async result = null

Resolved Exception:
             Type = com.upgrad.quora.service.exception.AuthorizationFailedException

ModelAndView:
        View name = null
             View = null
            Model = null

FlashMap:
       Attributes = null

MockHttpServletResponse:
           Status = 403
    Error message = null
          Headers = {Content-Type=[application/json;charset=UTF-8]}
     Content type = application/json;charset=UTF-8
             Body = {"code":"ATHR-002","message":"User is signed out.Sign in first to edit an answer","root_cause":null}
    Forwarded URL = null
   Redirected URL = null
          Cookies = []

MockHttpServletRequest:
      HTTP Method = POST
      Request URI = /question/database_question_uuid/answer/create
       Parameters = {answer=[my_answer]}
          Headers = {Content-Type=[application/json;charset=UTF-8], authorization=[non_existing_access_token]}
             Body = null
    Session Attrs = {}

Handler:
             Type = com.upgrad.quora.api.controller.AnswerController
           Method = public org.springframework.http.ResponseEntity<com.upgrad.quora.api.model.AnswerResponse> com.upgrad.quora.api.controller.AnswerController.createAnswer(com.upgrad.quora.api.model.AnswerRequest,java.lang.String,java.lang.String) throws com.upgrad.quora.service.exception.AuthorizationFailedException,com.upgrad.quora.service.exception.InvalidQuestionException

Async:
    Async started = false
     Async result = null

Resolved Exception:
             Type = com.upgrad.quora.service.exception.AuthorizationFailedException

ModelAndView:
        View name = null
             View = null
            Model = null

FlashMap:
       Attributes = null

MockHttpServletResponse:
           Status = 403
    Error message = null
          Headers = {Content-Type=[application/json;charset=UTF-8]}
     Content type = application/json;charset=UTF-8
             Body = {"code":"ATHR-001","message":"User has not signed in","root_cause":null}
    Forwarded URL = null
   Redirected URL = null
          Cookies = []

MockHttpServletRequest:
      HTTP Method = POST
      Request URI = /question/database_question_uuid/answer/create
       Parameters = {answer=[my_answer]}
          Headers = {Content-Type=[application/json;charset=UTF-8], authorization=[database_accesstoken3]}
             Body = null
    Session Attrs = {}

Handler:
             Type = com.upgrad.quora.api.controller.AnswerController
           Method = public org.springframework.http.ResponseEntity<com.upgrad.quora.api.model.AnswerResponse> com.upgrad.quora.api.controller.AnswerController.createAnswer(com.upgrad.quora.api.model.AnswerRequest,java.lang.String,java.lang.String) throws com.upgrad.quora.service.exception.AuthorizationFailedException,com.upgrad.quora.service.exception.InvalidQuestionException

Async:
    Async started = false
     Async result = null

Resolved Exception:
             Type = com.upgrad.quora.service.exception.AuthorizationFailedException

ModelAndView:
        View name = null
             View = null
            Model = null

FlashMap:
       Attributes = null

MockHttpServletResponse:
           Status = 403
    Error message = null
          Headers = {Content-Type=[application/json;charset=UTF-8]}
     Content type = application/json;charset=UTF-8
             Body = {"code":"ATHR-002","message":"User is signed out.Sign in first to post an answer","root_cause":null}
    Forwarded URL = null
   Redirected URL = null
          Cookies = []
]]></system-out>
  </testcase>
</testsuite>