<?xml version="1.0" encoding="UTF-8"?>
<testsuite xmlns:xsi="http://www.w3.org/2001/XMLSchema-instance" xsi:noNamespaceSchemaLocation="https://maven.apache.org/surefire/maven-surefire-plugin/xsd/surefire-test-report.xsd" name="com.upgrad.quora.api.controller.AnswerControllerTest" time="5.654" tests="7" errors="7" skipped="0" failures="0">
  <properties>
[...]
</properties>
  <testcase name="editAnswerWithNonExistingAccessToken" classname="com.upgrad.quora.api.controller.AnswerControllerTest" time="0.002">
    <error message="Failed to load ApplicationContext" type="java.lang.IllegalStateException">java.lang.IllegalStateException: Failed to load ApplicationContext
Caused by: org.springframework.beans.factory.BeanCreationException: Error creating bean with name 'entityManagerFactory' defined in class path resource [org/springframework/boot/autoconfigure/orm/jpa/HibernateJpaConfiguration.class]: Invocation of init method failed; nested exception is javax.persistence.PersistenceException: [PersistenceUnit: default] Unable to build Hibernate SessionFactory; nested exception is org.hibernate.MappingException: Repeated column in mapping for entity: com.upgrad.quora.service.entity.Question column: user_id (should be mapped with insert="false" update="false")
Caused by: javax.persistence.PersistenceException: [PersistenceUnit: default] Unable to build Hibernate SessionFactory; nested exception is org.hibernate.MappingException: Repeated column in mapping for entity: com.upgrad.quora.service.entity.Question column: user_id (should be mapped with insert="false" update="false")
Caused by: org.hibernate.MappingException: Repeated column in mapping for entity: com.upgrad.quora.service.entity.Question column: user_id (should be mapped with insert="false" update="false")
</error>
    <system-out><![CDATA[11:46:59.567 [main] DEBUG org.springframework.test.context.junit4.SpringJUnit4ClassRunner - SpringJUnit4ClassRunner constructor called with [class com.upgrad.quora.api.controller.AnswerControllerTest]
11:46:59.573 [main] DEBUG org.springframework.test.context.BootstrapUtils - Instantiating CacheAwareContextLoaderDelegate from class [org.springframework.test.context.cache.DefaultCacheAwareContextLoaderDelegate]
11:46:59.584 [main] DEBUG org.springframework.test.context.BootstrapUtils - Instantiating BootstrapContext using constructor [public org.springframework.test.context.support.DefaultBootstrapContext(java.lang.Class,org.springframework.test.context.CacheAwareContextLoaderDelegate)]
11:46:59.609 [main] DEBUG org.springframework.test.context.BootstrapUtils - Instantiating TestContextBootstrapper for test class [com.upgrad.quora.api.controller.AnswerControllerTest] from class [org.springframework.boot.test.context.SpringBootTestContextBootstrapper]
11:46:59.624 [main] INFO org.springframework.boot.test.context.SpringBootTestContextBootstrapper - Neither @ContextConfiguration nor @ContextHierarchy found for test class [com.upgrad.quora.api.controller.AnswerControllerTest], using SpringBootContextLoader
11:46:59.628 [main] DEBUG org.springframework.test.context.support.AbstractContextLoader - Did not detect default resource location for test class [com.upgrad.quora.api.controller.AnswerControllerTest]: class path resource [com/upgrad/quora/api/controller/AnswerControllerTest-context.xml] does not exist
11:46:59.628 [main] DEBUG org.springframework.test.context.support.AbstractContextLoader - Did not detect default resource location for test class [com.upgrad.quora.api.controller.AnswerControllerTest]: class path resource [com/upgrad/quora/api/controller/AnswerControllerTestContext.groovy] does not exist
11:46:59.628 [main] INFO org.springframework.test.context.support.AbstractContextLoader - Could not detect default resource locations for test class [com.upgrad.quora.api.controller.AnswerControllerTest]: no resource found for suffixes {-context.xml, Context.groovy}.
11:46:59.629 [main] INFO org.springframework.test.context.support.AnnotationConfigContextLoaderUtils - Could not detect default configuration classes for test class [com.upgrad.quora.api.controller.AnswerControllerTest]: AnswerControllerTest does not declare any static, non-private, non-final, nested classes annotated with @Configuration.
11:46:59.679 [main] DEBUG org.springframework.test.context.support.ActiveProfilesUtils - Could not find an 'annotation declaring class' for annotation type [org.springframework.test.context.ActiveProfiles] and class [com.upgrad.quora.api.controller.AnswerControllerTest]
11:46:59.688 [main] DEBUG org.springframework.core.env.StandardEnvironment - Adding PropertySource 'systemProperties' with lowest search precedence
11:46:59.689 [main] DEBUG org.springframework.core.env.StandardEnvironment - Adding PropertySource 'systemEnvironment' with lowest search precedence
11:46:59.689 [main] DEBUG org.springframework.core.env.StandardEnvironment - Initialized StandardEnvironment with PropertySources [MapPropertySource@1738236591 {name='systemProperties', properties={java.runtime.name=Java(TM) SE Runtime Environment, sun.boot.library.path=/Library/Java/JavaVirtualMachines/jdk1.8.0_231.jdk/Contents/Home/jre/lib, java.vm.version=25.231-b11, gopherProxySet=false, java.vm.vendor=Oracle Corporation, java.vendor.url=http://java.oracle.com/, path.separator=:, java.vm.name=Java HotSpot(TM) 64-Bit Server VM, file.encoding.pkg=sun.io, user.country=IN, sun.java.launcher=SUN_STANDARD, sun.os.patch.level=unknown, java.vm.specification.name=Java Virtual Machine Specification, user.dir=/Users/pkl/GitProjects/Upgrad/Quora/Trello_quora/quora-api, java.runtime.version=1.8.0_231-b11, basedir=/Users/pkl/GitProjects/Upgrad/Quora/Trello_quora/quora-api, java.awt.graphicsenv=sun.awt.CGraphicsEnvironment, java.endorsed.dirs=/Library/Java/JavaVirtualMachines/jdk1.8.0_231.jdk/Contents/Home/jre/lib/endorsed, os.arch=x86_64, surefire.real.class.path=/Users/pkl/GitProjects/Upgrad/Quora/Trello_quora/quora-api/target/surefire/surefirebooter4801899834512362819.jar, java.io.tmpdir=/var/folders/s4/dlfgsgpn2lndy8_yjc2_67vj4jpdsz/T/, line.separator=
, java.vm.specification.vendor=Oracle Corporation, os.name=Mac OS X, sun.jnu.encoding=UTF-8, java.library.path=/Users/pkl/Library/Java/Extensions:/Library/Java/Extensions:/Network/Library/Java/Extensions:/System/Library/Java/Extensions:/usr/lib/java:., surefire.test.class.path=/Users/pkl/GitProjects/Upgrad/Quora/Trello_quora/quora-api/target/test-classes:/Users/pkl/GitProjects/Upgrad/Quora/Trello_quora/quora-api/target/classes:/Users/pkl/.m2/repository/org/springframework/boot/spring-boot-starter-web/2.0.1.RELEASE/spring-boot-starter-web-2.0.1.RELEASE.jar:/Users/pkl/.m2/repository/org/springframework/boot/spring-boot-starter/2.0.1.RELEASE/spring-boot-starter-2.0.1.RELEASE.jar:/Users/pkl/.m2/repository/org/springframework/boot/spring-boot/2.0.1.RELEASE/spring-boot-2.0.1.RELEASE.jar:/Users/pkl/.m2/repository/org/springframework/boot/spring-boot-autoconfigure/2.0.1.RELEASE/spring-boot-autoconfigure-2.0.1.RELEASE.jar:/Users/pkl/.m2/repository/org/springframework/boot/spring-boot-starter-logging/2.0.1.RELEASE/spring-boot-starter-logging-2.0.1.RELEASE.jar:/Users/pkl/.m2/repository/org/apache/logging/log4j/log4j-to-slf4j/2.10.0/log4j-to-slf4j-2.10.0.jar:/Users/pkl/.m2/repository/org/apache/logging/log4j/log4j-api/2.10.0/log4j-api-2.10.0.jar:/Users/pkl/.m2/repository/org/slf4j/jul-to-slf4j/1.7.25/jul-to-slf4j-1.7.25.jar:/Users/pkl/.m2/repository/javax/annotation/javax.annotation-api/1.3.2/javax.annotation-api-1.3.2.jar:/Users/pkl/.m2/repository/org/yaml/snakeyaml/1.19/snakeyaml-1.19.jar:/Users/pkl/.m2/repository/org/springframework/boot/spring-boot-starter-json/2.0.1.RELEASE/spring-boot-starter-json-2.0.1.RELEASE.jar:/Users/pkl/.m2/repository/com/fasterxml/jackson/core/jackson-databind/2.9.5/jackson-databind-2.9.5.jar:/Users/pkl/.m2/repository/com/fasterxml/jackson/core/jackson-core/2.9.5/jackson-core-2.9.5.jar:/Users/pkl/.m2/repository/com/fasterxml/jackson/datatype/jackson-datatype-jdk8/2.9.5/jackson-datatype-jdk8-2.9.5.jar:/Users/pkl/.m2/repository/com/fasterxml/jackson/datatype/jackson-datatype-jsr310/2.9.5/jackson-datatype-jsr310-2.9.5.jar:/Users/pkl/.m2/repository/com/fasterxml/jackson/module/jackson-module-parameter-names/2.9.5/jackson-module-parameter-names-2.9.5.jar:/Users/pkl/.m2/repository/org/springframework/boot/spring-boot-starter-tomcat/2.0.1.RELEASE/spring-boot-starter-tomcat-2.0.1.RELEASE.jar:/Users/pkl/.m2/repository/org/apache/tomcat/embed/tomcat-embed-core/8.5.29/tomcat-embed-core-8.5.29.jar:/Users/pkl/.m2/repository/org/apache/tomcat/embed/tomcat-embed-el/8.5.29/tomcat-embed-el-8.5.29.jar:/Users/pkl/.m2/repository/org/apache/tomcat/embed/tomcat-embed-websocket/8.5.29/tomcat-embed-websocket-8.5.29.jar:/Users/pkl/.m2/repository/org/hibernate/validator/hibernate-validator/6.0.9.Final/hibernate-validator-6.0.9.Final.jar:/Users/pkl/.m2/repository/javax/validation/validation-api/2.0.1.Final/validation-api-2.0.1.Final.jar:/Users/pkl/.m2/repository/org/jboss/logging/jboss-logging/3.3.2.Final/jboss-logging-3.3.2.Final.jar:/Users/pkl/.m2/repository/org/springframework/spring-webmvc/5.0.5.RELEASE/spring-webmvc-5.0.5.RELEASE.jar:/Users/pkl/.m2/repository/io/swagger/swagger-annotations/1.5.18/swagger-annotations-1.5.18.jar:/Users/pkl/.m2/repository/io/springfox/springfox-swagger2/2.6.1/springfox-swagger2-2.6.1.jar:/Users/pkl/.m2/repository/io/swagger/swagger-models/1.5.10/swagger-models-1.5.10.jar:/Users/pkl/.m2/repository/io/springfox/springfox-spi/2.6.1/springfox-spi-2.6.1.jar:/Users/pkl/.m2/repository/io/springfox/springfox-core/2.6.1/springfox-core-2.6.1.jar:/Users/pkl/.m2/repository/io/springfox/springfox-schema/2.6.1/springfox-schema-2.6.1.jar:/Users/pkl/.m2/repository/io/springfox/springfox-swagger-common/2.6.1/springfox-swagger-common-2.6.1.jar:/Users/pkl/.m2/repository/io/springfox/springfox-spring-web/2.6.1/springfox-spring-web-2.6.1.jar:/Users/pkl/.m2/repository/com/google/guava/guava/18.0/guava-18.0.jar:/Users/pkl/.m2/repository/com/fasterxml/classmate/1.3.4/classmate-1.3.4.jar:/Users/pkl/.m2/repository/org/slf4j/slf4j-api/1.7.25/slf4j-api-1.7.25.jar:/Users/pkl/.m2/repository/org/springframework/plugin/spring-plugin-core/1.2.0.RELEASE/spring-plugin-core-1.2.0.RELEASE.jar:/Users/pkl/.m2/repository/org/springframework/plugin/spring-plugin-metadata/1.2.0.RELEASE/spring-plugin-metadata-1.2.0.RELEASE.jar:/Users/pkl/.m2/repository/org/mapstruct/mapstruct/1.0.0.Final/mapstruct-1.0.0.Final.jar:/Users/pkl/.m2/repository/io/springfox/springfox-swagger-ui/2.6.1/springfox-swagger-ui-2.6.1.jar:/Users/pkl/GitProjects/Upgrad/Quora/Trello_quora/quora-service/target/quora-service-1.0-SNAPSHOT.jar:/Users/pkl/.m2/repository/org/springframework/boot/spring-boot-starter-validation/2.0.1.RELEASE/spring-boot-starter-validation-2.0.1.RELEASE.jar:/Users/pkl/.m2/repository/org/springframework/boot/spring-boot-starter-data-jpa/2.0.1.RELEASE/spring-boot-starter-data-jpa-2.0.1.RELEASE.jar:/Users/pkl/.m2/repository/org/springframework/boot/spring-boot-starter-aop/2.0.1.RELEASE/spring-boot-starter-aop-2.0.1.RELEASE.jar:/Users/pkl/.m2/repository/org/aspectj/aspectjweaver/1.8.13/aspectjweaver-1.8.13.jar:/Users/pkl/.m2/repository/org/springframework/boot/spring-boot-starter-jdbc/2.0.1.RELEASE/spring-boot-starter-jdbc-2.0.1.RELEASE.jar:/Users/pkl/.m2/repository/com/zaxxer/HikariCP/2.7.8/HikariCP-2.7.8.jar:/Users/pkl/.m2/repository/org/springframework/spring-jdbc/5.0.5.RELEASE/spring-jdbc-5.0.5.RELEASE.jar:/Users/pkl/.m2/repository/org/hibernate/hibernate-core/5.2.16.Final/hibernate-core-5.2.16.Final.jar:/Users/pkl/.m2/repository/org/hibernate/javax/persistence/hibernate-jpa-2.1-api/1.0.0.Final/hibernate-jpa-2.1-api-1.0.0.Final.jar:/Users/pkl/.m2/repository/org/javassist/javassist/3.22.0-GA/javassist-3.22.0-GA.jar:/Users/pkl/.m2/repository/antlr/antlr/2.7.7/antlr-2.7.7.jar:/Users/pkl/.m2/repository/org/jboss/jandex/2.0.3.Final/jandex-2.0.3.Final.jar:/Users/pkl/.m2/repository/dom4j/dom4j/1.6.1/dom4j-1.6.1.jar:/Users/pkl/.m2/repository/org/hibernate/common/hibernate-commons-annotations/5.0.1.Final/hibernate-commons-annotations-5.0.1.Final.jar:/Users/pkl/.m2/repository/javax/transaction/javax.transaction-api/1.2/javax.transaction-api-1.2.jar:/Users/pkl/.m2/repository/org/springframework/data/spring-data-jpa/2.0.6.RELEASE/spring-data-jpa-2.0.6.RELEASE.jar:/Users/pkl/.m2/repository/org/springframework/data/spring-data-commons/2.0.6.RELEASE/spring-data-commons-2.0.6.RELEASE.jar:/Users/pkl/.m2/repository/org/springframework/spring-orm/5.0.5.RELEASE/spring-orm-5.0.5.RELEASE.jar:/Users/pkl/.m2/repository/org/springframework/spring-tx/5.0.5.RELEASE/spring-tx-5.0.5.RELEASE.jar:/Users/pkl/.m2/repository/org/springframework/spring-aspects/5.0.5.RELEASE/spring-aspects-5.0.5.RELEASE.jar:/Users/pkl/.m2/repository/org/apache/commons/commons-lang3/3.7/commons-lang3-3.7.jar:/Users/pkl/.m2/repository/ch/qos/logback/logback-classic/1.2.3/logback-classic-1.2.3.jar:/Users/pkl/.m2/repository/ch/qos/logback/logback-core/1.2.3/logback-core-1.2.3.jar:/Users/pkl/.m2/repository/com/auth0/java-jwt/3.4.0/java-jwt-3.4.0.jar:/Users/pkl/.m2/repository/commons-codec/commons-codec/1.11/commons-codec-1.11.jar:/Users/pkl/.m2/repository/org/springframework/boot/spring-boot-starter-test/2.0.1.RELEASE/spring-boot-starter-test-2.0.1.RELEASE.jar:/Users/pkl/.m2/repository/org/springframework/boot/spring-boot-test/2.0.1.RELEASE/spring-boot-test-2.0.1.RELEASE.jar:/Users/pkl/.m2/repository/org/springframework/boot/spring-boot-test-autoconfigure/2.0.1.RELEASE/spring-boot-test-autoconfigure-2.0.1.RELEASE.jar:/Users/pkl/.m2/repository/com/jayway/jsonpath/json-path/2.4.0/json-path-2.4.0.jar:/Users/pkl/.m2/repository/net/minidev/json-smart/2.3/json-smart-2.3.jar:/Users/pkl/.m2/repository/net/minidev/accessors-smart/1.2/accessors-smart-1.2.jar:/Users/pkl/.m2/repository/org/ow2/asm/asm/5.0.4/asm-5.0.4.jar:/Users/pkl/.m2/repository/junit/junit/4.12/junit-4.12.jar:/Users/pkl/.m2/repository/org/assertj/assertj-core/3.9.1/assertj-core-3.9.1.jar:/Users/pkl/.m2/repository/org/mockito/mockito-core/2.15.0/mockito-core-2.15.0.jar:/Users/pkl/.m2/repository/net/bytebuddy/byte-buddy/1.7.11/byte-buddy-1.7.11.jar:/Users/pkl/.m2/repository/net/bytebuddy/byte-buddy-agent/1.7.11/byte-buddy-agent-1.7.11.jar:/Users/pkl/.m2/repository/org/objenesis/objenesis/2.6/objenesis-2.6.jar:/Users/pkl/.m2/repository/org/hamcrest/hamcrest-core/1.3/hamcrest-core-1.3.jar:/Users/pkl/.m2/repository/org/hamcrest/hamcrest-library/1.3/hamcrest-library-1.3.jar:/Users/pkl/.m2/repository/org/skyscreamer/jsonassert/1.5.0/jsonassert-1.5.0.jar:/Users/pkl/.m2/repository/com/vaadin/external/google/android-json/0.0.20131108.vaadin1/android-json-0.0.20131108.vaadin1.jar:/Users/pkl/.m2/repository/org/springframework/spring-core/5.0.5.RELEASE/spring-core-5.0.5.RELEASE.jar:/Users/pkl/.m2/repository/org/springframework/spring-jcl/5.0.5.RELEASE/spring-jcl-5.0.5.RELEASE.jar:/Users/pkl/.m2/repository/org/springframework/spring-test/5.0.5.RELEASE/spring-test-5.0.5.RELEASE.jar:/Users/pkl/.m2/repository/org/xmlunit/xmlunit-core/2.5.1/xmlunit-core-2.5.1.jar:/Users/pkl/.m2/repository/org/postgresql/postgresql/42.2.5/postgresql-42.2.5.jar:/Users/pkl/.m2/repository/org/springframework/spring-web/5.0.8.RELEASE/spring-web-5.0.8.RELEASE.jar:/Users/pkl/.m2/repository/org/springframework/spring-beans/5.0.5.RELEASE/spring-beans-5.0.5.RELEASE.jar:/Users/pkl/.m2/repository/com/fasterxml/jackson/core/jackson-annotations/2.9.6/jackson-annotations-2.9.6.jar:/Users/pkl/.m2/repository/org/springframework/spring-context/5.0.8.RELEASE/spring-context-5.0.8.RELEASE.jar:/Users/pkl/.m2/repository/org/springframework/spring-aop/5.0.5.RELEASE/spring-aop-5.0.5.RELEASE.jar:/Users/pkl/.m2/repository/org/springframework/spring-expression/5.0.5.RELEASE/spring-expression-5.0.5.RELEASE.jar:, java.specification.name=Java Platform API Specification, java.class.version=52.0, sun.management.compiler=HotSpot 64-Bit Tiered Compilers, os.version=10.14.5, user.home=/Users/pkl, user.timezone=Asia/Kolkata, java.awt.printerjob=sun.lwawt.macosx.CPrinterJob, file.encoding=US-ASCII, java.specification.version=1.8, java.class.path=/Users/pkl/GitProjects/Upgrad/Quora/Trello_quora/quora-api/target/test-classes:/Users/pkl/GitProjects/Upgrad/Quora/Trello_quora/quora-api/target/classes:/Users/pkl/.m2/repository/org/springframework/boot/spring-boot-starter-web/2.0.1.RELEASE/spring-boot-starter-web-2.0.1.RELEASE.jar:/Users/pkl/.m2/repository/org/springframework/boot/spring-boot-starter/2.0.1.RELEASE/spring-boot-starter-2.0.1.RELEASE.jar:/Users/pkl/.m2/repository/org/springframework/boot/spring-boot/2.0.1.RELEASE/spring-boot-2.0.1.RELEASE.jar:/Users/pkl/.m2/repository/org/springframework/boot/spring-boot-autoconfigure/2.0.1.RELEASE/spring-boot-autoconfigure-2.0.1.RELEASE.jar:/Users/pkl/.m2/repository/org/springframework/boot/spring-boot-starter-logging/2.0.1.RELEASE/spring-boot-starter-logging-2.0.1.RELEASE.jar:/Users/pkl/.m2/repository/org/apache/logging/log4j/log4j-to-slf4j/2.10.0/log4j-to-slf4j-2.10.0.jar:/Users/pkl/.m2/repository/org/apache/logging/log4j/log4j-api/2.10.0/log4j-api-2.10.0.jar:/Users/pkl/.m2/repository/org/slf4j/jul-to-slf4j/1.7.25/jul-to-slf4j-1.7.25.jar:/Users/pkl/.m2/repository/javax/annotation/javax.annotation-api/1.3.2/javax.annotation-api-1.3.2.jar:/Users/pkl/.m2/repository/org/yaml/snakeyaml/1.19/snakeyaml-1.19.jar:/Users/pkl/.m2/repository/org/springframework/boot/spring-boot-starter-json/2.0.1.RELEASE/spring-boot-starter-json-2.0.1.RELEASE.jar:/Users/pkl/.m2/repository/com/fasterxml/jackson/core/jackson-databind/2.9.5/jackson-databind-2.9.5.jar:/Users/pkl/.m2/repository/com/fasterxml/jackson/core/jackson-core/2.9.5/jackson-core-2.9.5.jar:/Users/pkl/.m2/repository/com/fasterxml/jackson/datatype/jackson-datatype-jdk8/2.9.5/jackson-datatype-jdk8-2.9.5.jar:/Users/pkl/.m2/repository/com/fasterxml/jackson/datatype/jackson-datatype-jsr310/2.9.5/jackson-datatype-jsr310-2.9.5.jar:/Users/pkl/.m2/repository/com/fasterxml/jackson/module/jackson-module-parameter-names/2.9.5/jackson-module-parameter-names-2.9.5.jar:/Users/pkl/.m2/repository/org/springframework/boot/spring-boot-starter-tomcat/2.0.1.RELEASE/spring-boot-starter-tomcat-2.0.1.RELEASE.jar:/Users/pkl/.m2/repository/org/apache/tomcat/embed/tomcat-embed-core/8.5.29/tomcat-embed-core-8.5.29.jar:/Users/pkl/.m2/repository/org/apache/tomcat/embed/tomcat-embed-el/8.5.29/tomcat-embed-el-8.5.29.jar:/Users/pkl/.m2/repository/org/apache/tomcat/embed/tomcat-embed-websocket/8.5.29/tomcat-embed-websocket-8.5.29.jar:/Users/pkl/.m2/repository/org/hibernate/validator/hibernate-validator/6.0.9.Final/hibernate-validator-6.0.9.Final.jar:/Users/pkl/.m2/repository/javax/validation/validation-api/2.0.1.Final/validation-api-2.0.1.Final.jar:/Users/pkl/.m2/repository/org/jboss/logging/jboss-logging/3.3.2.Final/jboss-logging-3.3.2.Final.jar:/Users/pkl/.m2/repository/org/springframework/spring-webmvc/5.0.5.RELEASE/spring-webmvc-5.0.5.RELEASE.jar:/Users/pkl/.m2/repository/io/swagger/swagger-annotations/1.5.18/swagger-annotations-1.5.18.jar:/Users/pkl/.m2/repository/io/springfox/springfox-swagger2/2.6.1/springfox-swagger2-2.6.1.jar:/Users/pkl/.m2/repository/io/swagger/swagger-models/1.5.10/swagger-models-1.5.10.jar:/Users/pkl/.m2/repository/io/springfox/springfox-spi/2.6.1/springfox-spi-2.6.1.jar:/Users/pkl/.m2/repository/io/springfox/springfox-core/2.6.1/springfox-core-2.6.1.jar:/Users/pkl/.m2/repository/io/springfox/springfox-schema/2.6.1/springfox-schema-2.6.1.jar:/Users/pkl/.m2/repository/io/springfox/springfox-swagger-common/2.6.1/springfox-swagger-common-2.6.1.jar:/Users/pkl/.m2/repository/io/springfox/springfox-spring-web/2.6.1/springfox-spring-web-2.6.1.jar:/Users/pkl/.m2/repository/com/google/guava/guava/18.0/guava-18.0.jar:/Users/pkl/.m2/repository/com/fasterxml/classmate/1.3.4/classmate-1.3.4.jar:/Users/pkl/.m2/repository/org/slf4j/slf4j-api/1.7.25/slf4j-api-1.7.25.jar:/Users/pkl/.m2/repository/org/springframework/plugin/spring-plugin-core/1.2.0.RELEASE/spring-plugin-core-1.2.0.RELEASE.jar:/Users/pkl/.m2/repository/org/springframework/plugin/spring-plugin-metadata/1.2.0.RELEASE/spring-plugin-metadata-1.2.0.RELEASE.jar:/Users/pkl/.m2/repository/org/mapstruct/mapstruct/1.0.0.Final/mapstruct-1.0.0.Final.jar:/Users/pkl/.m2/repository/io/springfox/springfox-swagger-ui/2.6.1/springfox-swagger-ui-2.6.1.jar:/Users/pkl/GitProjects/Upgrad/Quora/Trello_quora/quora-service/target/quora-service-1.0-SNAPSHOT.jar:/Users/pkl/.m2/repository/org/springframework/boot/spring-boot-starter-validation/2.0.1.RELEASE/spring-boot-starter-validation-2.0.1.RELEASE.jar:/Users/pkl/.m2/repository/org/springframework/boot/spring-boot-starter-data-jpa/2.0.1.RELEASE/spring-boot-starter-data-jpa-2.0.1.RELEASE.jar:/Users/pkl/.m2/repository/org/springframework/boot/spring-boot-starter-aop/2.0.1.RELEASE/spring-boot-starter-aop-2.0.1.RELEASE.jar:/Users/pkl/.m2/repository/org/aspectj/aspectjweaver/1.8.13/aspectjweaver-1.8.13.jar:/Users/pkl/.m2/repository/org/springframework/boot/spring-boot-starter-jdbc/2.0.1.RELEASE/spring-boot-starter-jdbc-2.0.1.RELEASE.jar:/Users/pkl/.m2/repository/com/zaxxer/HikariCP/2.7.8/HikariCP-2.7.8.jar:/Users/pkl/.m2/repository/org/springframework/spring-jdbc/5.0.5.RELEASE/spring-jdbc-5.0.5.RELEASE.jar:/Users/pkl/.m2/repository/org/hibernate/hibernate-core/5.2.16.Final/hibernate-core-5.2.16.Final.jar:/Users/pkl/.m2/repository/org/hibernate/javax/persistence/hibernate-jpa-2.1-api/1.0.0.Final/hibernate-jpa-2.1-api-1.0.0.Final.jar:/Users/pkl/.m2/repository/org/javassist/javassist/3.22.0-GA/javassist-3.22.0-GA.jar:/Users/pkl/.m2/repository/antlr/antlr/2.7.7/antlr-2.7.7.jar:/Users/pkl/.m2/repository/org/jboss/jandex/2.0.3.Final/jandex-2.0.3.Final.jar:/Users/pkl/.m2/repository/dom4j/dom4j/1.6.1/dom4j-1.6.1.jar:/Users/pkl/.m2/repository/org/hibernate/common/hibernate-commons-annotations/5.0.1.Final/hibernate-commons-annotations-5.0.1.Final.jar:/Users/pkl/.m2/repository/javax/transaction/javax.transaction-api/1.2/javax.transaction-api-1.2.jar:/Users/pkl/.m2/repository/org/springframework/data/spring-data-jpa/2.0.6.RELEASE/spring-data-jpa-2.0.6.RELEASE.jar:/Users/pkl/.m2/repository/org/springframework/data/spring-data-commons/2.0.6.RELEASE/spring-data-commons-2.0.6.RELEASE.jar:/Users/pkl/.m2/repository/org/springframework/spring-orm/5.0.5.RELEASE/spring-orm-5.0.5.RELEASE.jar:/Users/pkl/.m2/repository/org/springframework/spring-tx/5.0.5.RELEASE/spring-tx-5.0.5.RELEASE.jar:/Users/pkl/.m2/repository/org/springframework/spring-aspects/5.0.5.RELEASE/spring-aspects-5.0.5.RELEASE.jar:/Users/pkl/.m2/repository/org/apache/commons/commons-lang3/3.7/commons-lang3-3.7.jar:/Users/pkl/.m2/repository/ch/qos/logback/logback-classic/1.2.3/logback-classic-1.2.3.jar:/Users/pkl/.m2/repository/ch/qos/logback/logback-core/1.2.3/logback-core-1.2.3.jar:/Users/pkl/.m2/repository/com/auth0/java-jwt/3.4.0/java-jwt-3.4.0.jar:/Users/pkl/.m2/repository/commons-codec/commons-codec/1.11/commons-codec-1.11.jar:/Users/pkl/.m2/repository/org/springframework/boot/spring-boot-starter-test/2.0.1.RELEASE/spring-boot-starter-test-2.0.1.RELEASE.jar:/Users/pkl/.m2/repository/org/springframework/boot/spring-boot-test/2.0.1.RELEASE/spring-boot-test-2.0.1.RELEASE.jar:/Users/pkl/.m2/repository/org/springframework/boot/spring-boot-test-autoconfigure/2.0.1.RELEASE/spring-boot-test-autoconfigure-2.0.1.RELEASE.jar:/Users/pkl/.m2/repository/com/jayway/jsonpath/json-path/2.4.0/json-path-2.4.0.jar:/Users/pkl/.m2/repository/net/minidev/json-smart/2.3/json-smart-2.3.jar:/Users/pkl/.m2/repository/net/minidev/accessors-smart/1.2/accessors-smart-1.2.jar:/Users/pkl/.m2/repository/org/ow2/asm/asm/5.0.4/asm-5.0.4.jar:/Users/pkl/.m2/repository/junit/junit/4.12/junit-4.12.jar:/Users/pkl/.m2/repository/org/assertj/assertj-core/3.9.1/assertj-core-3.9.1.jar:/Users/pkl/.m2/repository/org/mockito/mockito-core/2.15.0/mockito-core-2.15.0.jar:/Users/pkl/.m2/repository/net/bytebuddy/byte-buddy/1.7.11/byte-buddy-1.7.11.jar:/Users/pkl/.m2/repository/net/bytebuddy/byte-buddy-agent/1.7.11/byte-buddy-agent-1.7.11.jar:/Users/pkl/.m2/repository/org/objenesis/objenesis/2.6/objenesis-2.6.jar:/Users/pkl/.m2/repository/org/hamcrest/hamcrest-core/1.3/hamcrest-core-1.3.jar:/Users/pkl/.m2/repository/org/hamcrest/hamcrest-library/1.3/hamcrest-library-1.3.jar:/Users/pkl/.m2/repository/org/skyscreamer/jsonassert/1.5.0/jsonassert-1.5.0.jar:/Users/pkl/.m2/repository/com/vaadin/external/google/android-json/0.0.20131108.vaadin1/android-json-0.0.20131108.vaadin1.jar:/Users/pkl/.m2/repository/org/springframework/spring-core/5.0.5.RELEASE/spring-core-5.0.5.RELEASE.jar:/Users/pkl/.m2/repository/org/springframework/spring-jcl/5.0.5.RELEASE/spring-jcl-5.0.5.RELEASE.jar:/Users/pkl/.m2/repository/org/springframework/spring-test/5.0.5.RELEASE/spring-test-5.0.5.RELEASE.jar:/Users/pkl/.m2/repository/org/xmlunit/xmlunit-core/2.5.1/xmlunit-core-2.5.1.jar:/Users/pkl/.m2/repository/org/postgresql/postgresql/42.2.5/postgresql-42.2.5.jar:/Users/pkl/.m2/repository/org/springframework/spring-web/5.0.8.RELEASE/spring-web-5.0.8.RELEASE.jar:/Users/pkl/.m2/repository/org/springframework/spring-beans/5.0.5.RELEASE/spring-beans-5.0.5.RELEASE.jar:/Users/pkl/.m2/repository/com/fasterxml/jackson/core/jackson-annotations/2.9.6/jackson-annotations-2.9.6.jar:/Users/pkl/.m2/repository/org/springframework/spring-context/5.0.8.RELEASE/spring-context-5.0.8.RELEASE.jar:/Users/pkl/.m2/repository/org/springframework/spring-aop/5.0.5.RELEASE/spring-aop-5.0.5.RELEASE.jar:/Users/pkl/.m2/repository/org/springframework/spring-expression/5.0.5.RELEASE/spring-expression-5.0.5.RELEASE.jar:, user.name=pkl, java.vm.specification.version=1.8, sun.java.command=/Users/pkl/GitProjects/Upgrad/Quora/Trello_quora/quora-api/target/surefire/surefirebooter4801899834512362819.jar /Users/pkl/GitProjects/Upgrad/Quora/Trello_quora/quora-api/target/surefire 2020-06-06T11-46-55_950-jvmRun1 surefire2876884164727416101tmp surefire_07579187512767747961tmp, java.home=/Library/Java/JavaVirtualMachines/jdk1.8.0_231.jdk/Contents/Home/jre, sun.arch.data.model=64, user.language=en, java.specification.vendor=Oracle Corporation, awt.toolkit=sun.lwawt.macosx.LWCToolkit, java.vm.info=mixed mode, java.version=1.8.0_231, java.ext.dirs=/Users/pkl/Library/Java/Extensions:/Library/Java/JavaVirtualMachines/jdk1.8.0_231.jdk/Contents/Home/jre/lib/ext:/Library/Java/Extensions:/Network/Library/Java/Extensions:/System/Library/Java/Extensions:/usr/lib/java, sun.boot.class.path=/Library/Java/JavaVirtualMachines/jdk1.8.0_231.jdk/Contents/Home/jre/lib/resources.jar:/Library/Java/JavaVirtualMachines/jdk1.8.0_231.jdk/Contents/Home/jre/lib/rt.jar:/Library/Java/JavaVirtualMachines/jdk1.8.0_231.jdk/Contents/Home/jre/lib/sunrsasign.jar:/Library/Java/JavaVirtualMachines/jdk1.8.0_231.jdk/Contents/Home/jre/lib/jsse.jar:/Library/Java/JavaVirtualMachines/jdk1.8.0_231.jdk/Contents/Home/jre/lib/jce.jar:/Library/Java/JavaVirtualMachines/jdk1.8.0_231.jdk/Contents/Home/jre/lib/charsets.jar:/Library/Java/JavaVirtualMachines/jdk1.8.0_231.jdk/Contents/Home/jre/lib/jfr.jar:/Library/Java/JavaVirtualMachines/jdk1.8.0_231.jdk/Contents/Home/jre/classes, java.vendor=Oracle Corporation, localRepository=/Users/pkl/.m2/repository, file.separator=/, java.vendor.url.bug=http://bugreport.sun.com/bugreport/, sun.io.unicode.encoding=UnicodeBig, sun.cpu.endian=little, sun.cpu.isalist=}}, SystemEnvironmentPropertySource@1558021762 {name='systemEnvironment', properties={PATH=/usr/local/bin:/usr/bin:/bin:/usr/sbin:/sbin:/Applications/VMware Fusion.app/Contents/Public:/Users/pkl/softwares/apache-maven-3.6.2/bin, JAVA_ARCH=x86_64, TERM=xterm-256color, COMMAND_MODE=unix2003, LOGNAME=pkl, XPC_SERVICE_NAME=0, PWD=/Users/pkl/GitProjects/Upgrad/Quora/Trello_quora/quora-api, MAVEN_CMD_LINE_ARGS= clean install, JAVA_MAIN_CLASS_15154=org.codehaus.plexus.classworlds.launcher.Launcher, _=/Library/Java/JavaVirtualMachines/jdk1.8.0_231.jdk/Contents/Home/jre/bin/java, SHELL=/bin/bash, MAVEN_PROJECTBASEDIR=/Users/pkl/GitProjects/Upgrad/Quora/Trello_quora, OLDPWD=/Users/pkl/GitProjects/Upgrad/Quora/Trello_quora/quora-api, USER=pkl, TERMINAL_EMULATOR=JetBrains-JediTerm, TMPDIR=/var/folders/s4/dlfgsgpn2lndy8_yjc2_67vj4jpdsz/T/, SSH_AUTH_SOCK=/private/tmp/com.apple.launchd.rUvHuNAqWj/Listeners, XPC_FLAGS=0x0, M2_HOME=/Users/pkl/softwares/apache-maven-3.6.2, __CF_USER_TEXT_ENCODING=0x491B373F:0x0:0x0, Apple_PubSub_Socket_Render=/private/tmp/com.apple.launchd.Qy98utExW2/Render, com.apple.java.jvmTask=CommandLine, JAVA_MAIN_CLASS_15184=org.apache.maven.surefire.booter.ForkedBooter, LC_CTYPE=en_IN.UTF-8, HOME=/Users/pkl, SHLVL=2}}]
11:46:59.702 [main] DEBUG org.springframework.core.io.support.PathMatchingResourcePatternResolver - Resolved classpath location [com/upgrad/quora/api/controller/] to resources [URL [file:/Users/pkl/GitProjects/Upgrad/Quora/Trello_quora/quora-api/target/test-classes/com/upgrad/quora/api/controller/], URL [file:/Users/pkl/GitProjects/Upgrad/Quora/Trello_quora/quora-api/target/classes/com/upgrad/quora/api/controller/]]
11:46:59.703 [main] DEBUG org.springframework.core.io.support.PathMatchingResourcePatternResolver - Looking for matching resources in directory tree [/Users/pkl/GitProjects/Upgrad/Quora/Trello_quora/quora-api/target/test-classes/com/upgrad/quora/api/controller]
11:46:59.703 [main] DEBUG org.springframework.core.io.support.PathMatchingResourcePatternResolver - Searching directory [/Users/pkl/GitProjects/Upgrad/Quora/Trello_quora/quora-api/target/test-classes/com/upgrad/quora/api/controller] for files matching pattern [/Users/pkl/GitProjects/Upgrad/Quora/Trello_quora/quora-api/target/test-classes/com/upgrad/quora/api/controller/*.class]
11:46:59.706 [main] DEBUG org.springframework.core.io.support.PathMatchingResourcePatternResolver - Looking for matching resources in directory tree [/Users/pkl/GitProjects/Upgrad/Quora/Trello_quora/quora-api/target/classes/com/upgrad/quora/api/controller]
11:46:59.706 [main] DEBUG org.springframework.core.io.support.PathMatchingResourcePatternResolver - Searching directory [/Users/pkl/GitProjects/Upgrad/Quora/Trello_quora/quora-api/target/classes/com/upgrad/quora/api/controller] for files matching pattern [/Users/pkl/GitProjects/Upgrad/Quora/Trello_quora/quora-api/target/classes/com/upgrad/quora/api/controller/*.class]
11:46:59.707 [main] DEBUG org.springframework.core.io.support.PathMatchingResourcePatternResolver - Resolved location pattern [classpath*:com/upgrad/quora/api/controller/*.class] to resources [file [/Users/pkl/GitProjects/Upgrad/Quora/Trello_quora/quora-api/target/test-classes/com/upgrad/quora/api/controller/AnswerControllerTest.class], file [/Users/pkl/GitProjects/Upgrad/Quora/Trello_quora/quora-api/target/classes/com/upgrad/quora/api/controller/AdminController.class], file [/Users/pkl/GitProjects/Upgrad/Quora/Trello_quora/quora-api/target/classes/com/upgrad/quora/api/controller/AnswerController.class], file [/Users/pkl/GitProjects/Upgrad/Quora/Trello_quora/quora-api/target/classes/com/upgrad/quora/api/controller/CommonController.class], file [/Users/pkl/GitProjects/Upgrad/Quora/Trello_quora/quora-api/target/classes/com/upgrad/quora/api/controller/QuestionController.class], file [/Users/pkl/GitProjects/Upgrad/Quora/Trello_quora/quora-api/target/classes/com/upgrad/quora/api/controller/UserController.class]]
11:46:59.758 [main] DEBUG org.springframework.core.io.support.PathMatchingResourcePatternResolver - Resolved classpath location [com/upgrad/quora/api/] to resources [URL [file:/Users/pkl/GitProjects/Upgrad/Quora/Trello_quora/quora-api/target/test-classes/com/upgrad/quora/api/], URL [file:/Users/pkl/GitProjects/Upgrad/Quora/Trello_quora/quora-api/target/classes/com/upgrad/quora/api/]]
11:46:59.758 [main] DEBUG org.springframework.core.io.support.PathMatchingResourcePatternResolver - Looking for matching resources in directory tree [/Users/pkl/GitProjects/Upgrad/Quora/Trello_quora/quora-api/target/test-classes/com/upgrad/quora/api]
11:46:59.758 [main] DEBUG org.springframework.core.io.support.PathMatchingResourcePatternResolver - Searching directory [/Users/pkl/GitProjects/Upgrad/Quora/Trello_quora/quora-api/target/test-classes/com/upgrad/quora/api] for files matching pattern [/Users/pkl/GitProjects/Upgrad/Quora/Trello_quora/quora-api/target/test-classes/com/upgrad/quora/api/*.class]
11:46:59.758 [main] DEBUG org.springframework.core.io.support.PathMatchingResourcePatternResolver - Looking for matching resources in directory tree [/Users/pkl/GitProjects/Upgrad/Quora/Trello_quora/quora-api/target/classes/com/upgrad/quora/api]
11:46:59.759 [main] DEBUG org.springframework.core.io.support.PathMatchingResourcePatternResolver - Searching directory [/Users/pkl/GitProjects/Upgrad/Quora/Trello_quora/quora-api/target/classes/com/upgrad/quora/api] for files matching pattern [/Users/pkl/GitProjects/Upgrad/Quora/Trello_quora/quora-api/target/classes/com/upgrad/quora/api/*.class]
11:46:59.759 [main] DEBUG org.springframework.core.io.support.PathMatchingResourcePatternResolver - Resolved location pattern [classpath*:com/upgrad/quora/api/*.class] to resources [file [/Users/pkl/GitProjects/Upgrad/Quora/Trello_quora/quora-api/target/classes/com/upgrad/quora/api/QuoraApiApplication.class]]
11:46:59.780 [main] DEBUG org.springframework.context.annotation.ClassPathScanningCandidateComponentProvider - Identified candidate component class: file [/Users/pkl/GitProjects/Upgrad/Quora/Trello_quora/quora-api/target/classes/com/upgrad/quora/api/QuoraApiApplication.class]
11:46:59.781 [main] INFO org.springframework.boot.test.context.SpringBootTestContextBootstrapper - Found @SpringBootConfiguration com.upgrad.quora.api.QuoraApiApplication for test class com.upgrad.quora.api.controller.AnswerControllerTest
11:46:59.958 [main] DEBUG org.springframework.boot.test.context.SpringBootTestContextBootstrapper - @TestExecutionListeners is not present for class [com.upgrad.quora.api.controller.AnswerControllerTest]: using defaults.
11:46:59.959 [main] INFO org.springframework.boot.test.context.SpringBootTestContextBootstrapper - Loaded default TestExecutionListener class names from location [META-INF/spring.factories]: [org.springframework.boot.test.mock.mockito.MockitoTestExecutionListener, org.springframework.boot.test.mock.mockito.ResetMocksTestExecutionListener, org.springframework.boot.test.autoconfigure.restdocs.RestDocsTestExecutionListener, org.springframework.boot.test.autoconfigure.web.client.MockRestServiceServerResetTestExecutionListener, org.springframework.boot.test.autoconfigure.web.servlet.MockMvcPrintOnlyOnFailureTestExecutionListener, org.springframework.boot.test.autoconfigure.web.servlet.WebDriverTestExecutionListener, org.springframework.test.context.web.ServletTestExecutionListener, org.springframework.test.context.support.DirtiesContextBeforeModesTestExecutionListener, org.springframework.test.context.support.DependencyInjectionTestExecutionListener, org.springframework.test.context.support.DirtiesContextTestExecutionListener, org.springframework.test.context.transaction.TransactionalTestExecutionListener, org.springframework.test.context.jdbc.SqlScriptsTestExecutionListener]
11:46:59.978 [main] INFO org.springframework.boot.test.context.SpringBootTestContextBootstrapper - Using TestExecutionListeners: [org.springframework.test.context.web.ServletTestExecutionListener@bcec361, org.springframework.test.context.support.DirtiesContextBeforeModesTestExecutionListener@26794848, org.springframework.boot.test.mock.mockito.MockitoTestExecutionListener@302552ec, org.springframework.boot.test.autoconfigure.SpringBootDependencyInjectionTestExecutionListener@3d285d7e, org.springframework.test.context.support.DirtiesContextTestExecutionListener@40005471, org.springframework.test.context.transaction.TransactionalTestExecutionListener@2cd76f31, org.springframework.test.context.jdbc.SqlScriptsTestExecutionListener@367ffa75, org.springframework.boot.test.mock.mockito.ResetMocksTestExecutionListener@49438269, org.springframework.boot.test.autoconfigure.restdocs.RestDocsTestExecutionListener@ba2f4ec, org.springframework.boot.test.autoconfigure.web.client.MockRestServiceServerResetTestExecutionListener@1c1bbc4e, org.springframework.boot.test.autoconfigure.web.servlet.MockMvcPrintOnlyOnFailureTestExecutionListener@55fe41ea, org.springframework.boot.test.autoconfigure.web.servlet.WebDriverTestExecutionListener@fbd1f6]
11:46:59.980 [main] DEBUG org.springframework.test.annotation.ProfileValueUtils - Retrieved @ProfileValueSourceConfiguration [null] for test class [com.upgrad.quora.api.controller.AnswerControllerTest]
11:46:59.981 [main] DEBUG org.springframework.test.annotation.ProfileValueUtils - Retrieved ProfileValueSource type [class org.springframework.test.annotation.SystemProfileValueSource] for class [com.upgrad.quora.api.controller.AnswerControllerTest]
11:46:59.982 [main] DEBUG org.springframework.test.annotation.ProfileValueUtils - Retrieved @ProfileValueSourceConfiguration [null] for test class [com.upgrad.quora.api.controller.AnswerControllerTest]
11:46:59.982 [main] DEBUG org.springframework.test.annotation.ProfileValueUtils - Retrieved ProfileValueSource type [class org.springframework.test.annotation.SystemProfileValueSource] for class [com.upgrad.quora.api.controller.AnswerControllerTest]
11:46:59.982 [main] DEBUG org.springframework.test.annotation.ProfileValueUtils - Retrieved @ProfileValueSourceConfiguration [null] for test class [com.upgrad.quora.api.controller.AnswerControllerTest]
11:46:59.982 [main] DEBUG org.springframework.test.annotation.ProfileValueUtils - Retrieved ProfileValueSource type [class org.springframework.test.annotation.SystemProfileValueSource] for class [com.upgrad.quora.api.controller.AnswerControllerTest]
11:46:59.985 [main] DEBUG org.springframework.test.context.support.AbstractDirtiesContextTestExecutionListener - Before test class: context [DefaultTestContext@6c40365c testClass = AnswerControllerTest, testInstance = [null], testMethod = [null], testException = [null], mergedContextConfiguration = [WebMergedContextConfiguration@7bedc48a testClass = AnswerControllerTest, locations = '{}', classes = '{class com.upgrad.quora.api.QuoraApiApplication}', contextInitializerClasses = '[]', activeProfiles = '{}', propertySourceLocations = '{}', propertySourceProperties = '{org.springframework.boot.test.context.SpringBootTestContextBootstrapper=true}', contextCustomizers = set[[ImportsContextCustomizer@131ef10 key = [org.springframework.boot.test.autoconfigure.web.servlet.MockMvcAutoConfiguration, org.springframework.boot.test.autoconfigure.web.servlet.MockMvcSecurityAutoConfiguration, org.springframework.boot.test.autoconfigure.web.servlet.MockMvcWebClientAutoConfiguration, org.springframework.boot.test.autoconfigure.web.servlet.MockMvcWebDriverAutoConfiguration]], org.springframework.boot.test.context.filter.ExcludeFilterContextCustomizer@5c18298f, org.springframework.boot.test.json.DuplicateJsonObjectContextCustomizerFactory$DuplicateJsonObjectContextCustomizer@4fcd19b3, org.springframework.boot.test.mock.mockito.MockitoContextCustomizer@0, org.springframework.boot.test.web.client.TestRestTemplateContextCustomizer@15b3e5b, org.springframework.boot.test.autoconfigure.properties.PropertyMappingContextCustomizer@e7e8512, org.springframework.boot.test.autoconfigure.web.servlet.WebDriverContextCustomizerFactory$Customizer@2698dc7], resourceBasePath = 'src/main/webapp', contextLoader = 'org.springframework.boot.test.context.SpringBootContextLoader', parent = [null]], attributes = map['org.springframework.test.context.web.ServletTestExecutionListener.activateListener' -> true]], class annotated with @DirtiesContext [false] with mode [null].
11:46:59.986 [main] DEBUG org.springframework.test.annotation.ProfileValueUtils - Retrieved @ProfileValueSourceConfiguration [null] for test class [com.upgrad.quora.api.controller.AnswerControllerTest]
11:46:59.986 [main] DEBUG org.springframework.test.annotation.ProfileValueUtils - Retrieved ProfileValueSource type [class org.springframework.test.annotation.SystemProfileValueSource] for class [com.upgrad.quora.api.controller.AnswerControllerTest]
11:47:00.006 [main] DEBUG org.springframework.core.env.StandardEnvironment - Adding PropertySource 'systemProperties' with lowest search precedence
11:47:00.006 [main] DEBUG org.springframework.core.env.StandardEnvironment - Adding PropertySource 'systemEnvironment' with lowest search precedence
11:47:00.006 [main] DEBUG org.springframework.core.env.StandardEnvironment - Initialized StandardEnvironment with PropertySources [MapPropertySource@2053591126 {name='systemProperties', properties={java.runtime.name=Java(TM) SE Runtime Environment, sun.boot.library.path=/Library/Java/JavaVirtualMachines/jdk1.8.0_231.jdk/Contents/Home/jre/lib, java.vm.version=25.231-b11, gopherProxySet=false, java.vm.vendor=Oracle Corporation, java.vendor.url=http://java.oracle.com/, path.separator=:, java.vm.name=Java HotSpot(TM) 64-Bit Server VM, file.encoding.pkg=sun.io, user.country=IN, sun.java.launcher=SUN_STANDARD, sun.os.patch.level=unknown, java.vm.specification.name=Java Virtual Machine Specification, user.dir=/Users/pkl/GitProjects/Upgrad/Quora/Trello_quora/quora-api, java.runtime.version=1.8.0_231-b11, basedir=/Users/pkl/GitProjects/Upgrad/Quora/Trello_quora/quora-api, java.awt.graphicsenv=sun.awt.CGraphicsEnvironment, java.endorsed.dirs=/Library/Java/JavaVirtualMachines/jdk1.8.0_231.jdk/Contents/Home/jre/lib/endorsed, os.arch=x86_64, surefire.real.class.path=/Users/pkl/GitProjects/Upgrad/Quora/Trello_quora/quora-api/target/surefire/surefirebooter4801899834512362819.jar, java.io.tmpdir=/var/folders/s4/dlfgsgpn2lndy8_yjc2_67vj4jpdsz/T/, line.separator=
, java.vm.specification.vendor=Oracle Corporation, os.name=Mac OS X, sun.jnu.encoding=UTF-8, java.library.path=/Users/pkl/Library/Java/Extensions:/Library/Java/Extensions:/Network/Library/Java/Extensions:/System/Library/Java/Extensions:/usr/lib/java:., surefire.test.class.path=/Users/pkl/GitProjects/Upgrad/Quora/Trello_quora/quora-api/target/test-classes:/Users/pkl/GitProjects/Upgrad/Quora/Trello_quora/quora-api/target/classes:/Users/pkl/.m2/repository/org/springframework/boot/spring-boot-starter-web/2.0.1.RELEASE/spring-boot-starter-web-2.0.1.RELEASE.jar:/Users/pkl/.m2/repository/org/springframework/boot/spring-boot-starter/2.0.1.RELEASE/spring-boot-starter-2.0.1.RELEASE.jar:/Users/pkl/.m2/repository/org/springframework/boot/spring-boot/2.0.1.RELEASE/spring-boot-2.0.1.RELEASE.jar:/Users/pkl/.m2/repository/org/springframework/boot/spring-boot-autoconfigure/2.0.1.RELEASE/spring-boot-autoconfigure-2.0.1.RELEASE.jar:/Users/pkl/.m2/repository/org/springframework/boot/spring-boot-starter-logging/2.0.1.RELEASE/spring-boot-starter-logging-2.0.1.RELEASE.jar:/Users/pkl/.m2/repository/org/apache/logging/log4j/log4j-to-slf4j/2.10.0/log4j-to-slf4j-2.10.0.jar:/Users/pkl/.m2/repository/org/apache/logging/log4j/log4j-api/2.10.0/log4j-api-2.10.0.jar:/Users/pkl/.m2/repository/org/slf4j/jul-to-slf4j/1.7.25/jul-to-slf4j-1.7.25.jar:/Users/pkl/.m2/repository/javax/annotation/javax.annotation-api/1.3.2/javax.annotation-api-1.3.2.jar:/Users/pkl/.m2/repository/org/yaml/snakeyaml/1.19/snakeyaml-1.19.jar:/Users/pkl/.m2/repository/org/springframework/boot/spring-boot-starter-json/2.0.1.RELEASE/spring-boot-starter-json-2.0.1.RELEASE.jar:/Users/pkl/.m2/repository/com/fasterxml/jackson/core/jackson-databind/2.9.5/jackson-databind-2.9.5.jar:/Users/pkl/.m2/repository/com/fasterxml/jackson/core/jackson-core/2.9.5/jackson-core-2.9.5.jar:/Users/pkl/.m2/repository/com/fasterxml/jackson/datatype/jackson-datatype-jdk8/2.9.5/jackson-datatype-jdk8-2.9.5.jar:/Users/pkl/.m2/repository/com/fasterxml/jackson/datatype/jackson-datatype-jsr310/2.9.5/jackson-datatype-jsr310-2.9.5.jar:/Users/pkl/.m2/repository/com/fasterxml/jackson/module/jackson-module-parameter-names/2.9.5/jackson-module-parameter-names-2.9.5.jar:/Users/pkl/.m2/repository/org/springframework/boot/spring-boot-starter-tomcat/2.0.1.RELEASE/spring-boot-starter-tomcat-2.0.1.RELEASE.jar:/Users/pkl/.m2/repository/org/apache/tomcat/embed/tomcat-embed-core/8.5.29/tomcat-embed-core-8.5.29.jar:/Users/pkl/.m2/repository/org/apache/tomcat/embed/tomcat-embed-el/8.5.29/tomcat-embed-el-8.5.29.jar:/Users/pkl/.m2/repository/org/apache/tomcat/embed/tomcat-embed-websocket/8.5.29/tomcat-embed-websocket-8.5.29.jar:/Users/pkl/.m2/repository/org/hibernate/validator/hibernate-validator/6.0.9.Final/hibernate-validator-6.0.9.Final.jar:/Users/pkl/.m2/repository/javax/validation/validation-api/2.0.1.Final/validation-api-2.0.1.Final.jar:/Users/pkl/.m2/repository/org/jboss/logging/jboss-logging/3.3.2.Final/jboss-logging-3.3.2.Final.jar:/Users/pkl/.m2/repository/org/springframework/spring-webmvc/5.0.5.RELEASE/spring-webmvc-5.0.5.RELEASE.jar:/Users/pkl/.m2/repository/io/swagger/swagger-annotations/1.5.18/swagger-annotations-1.5.18.jar:/Users/pkl/.m2/repository/io/springfox/springfox-swagger2/2.6.1/springfox-swagger2-2.6.1.jar:/Users/pkl/.m2/repository/io/swagger/swagger-models/1.5.10/swagger-models-1.5.10.jar:/Users/pkl/.m2/repository/io/springfox/springfox-spi/2.6.1/springfox-spi-2.6.1.jar:/Users/pkl/.m2/repository/io/springfox/springfox-core/2.6.1/springfox-core-2.6.1.jar:/Users/pkl/.m2/repository/io/springfox/springfox-schema/2.6.1/springfox-schema-2.6.1.jar:/Users/pkl/.m2/repository/io/springfox/springfox-swagger-common/2.6.1/springfox-swagger-common-2.6.1.jar:/Users/pkl/.m2/repository/io/springfox/springfox-spring-web/2.6.1/springfox-spring-web-2.6.1.jar:/Users/pkl/.m2/repository/com/google/guava/guava/18.0/guava-18.0.jar:/Users/pkl/.m2/repository/com/fasterxml/classmate/1.3.4/classmate-1.3.4.jar:/Users/pkl/.m2/repository/org/slf4j/slf4j-api/1.7.25/slf4j-api-1.7.25.jar:/Users/pkl/.m2/repository/org/springframework/plugin/spring-plugin-core/1.2.0.RELEASE/spring-plugin-core-1.2.0.RELEASE.jar:/Users/pkl/.m2/repository/org/springframework/plugin/spring-plugin-metadata/1.2.0.RELEASE/spring-plugin-metadata-1.2.0.RELEASE.jar:/Users/pkl/.m2/repository/org/mapstruct/mapstruct/1.0.0.Final/mapstruct-1.0.0.Final.jar:/Users/pkl/.m2/repository/io/springfox/springfox-swagger-ui/2.6.1/springfox-swagger-ui-2.6.1.jar:/Users/pkl/GitProjects/Upgrad/Quora/Trello_quora/quora-service/target/quora-service-1.0-SNAPSHOT.jar:/Users/pkl/.m2/repository/org/springframework/boot/spring-boot-starter-validation/2.0.1.RELEASE/spring-boot-starter-validation-2.0.1.RELEASE.jar:/Users/pkl/.m2/repository/org/springframework/boot/spring-boot-starter-data-jpa/2.0.1.RELEASE/spring-boot-starter-data-jpa-2.0.1.RELEASE.jar:/Users/pkl/.m2/repository/org/springframework/boot/spring-boot-starter-aop/2.0.1.RELEASE/spring-boot-starter-aop-2.0.1.RELEASE.jar:/Users/pkl/.m2/repository/org/aspectj/aspectjweaver/1.8.13/aspectjweaver-1.8.13.jar:/Users/pkl/.m2/repository/org/springframework/boot/spring-boot-starter-jdbc/2.0.1.RELEASE/spring-boot-starter-jdbc-2.0.1.RELEASE.jar:/Users/pkl/.m2/repository/com/zaxxer/HikariCP/2.7.8/HikariCP-2.7.8.jar:/Users/pkl/.m2/repository/org/springframework/spring-jdbc/5.0.5.RELEASE/spring-jdbc-5.0.5.RELEASE.jar:/Users/pkl/.m2/repository/org/hibernate/hibernate-core/5.2.16.Final/hibernate-core-5.2.16.Final.jar:/Users/pkl/.m2/repository/org/hibernate/javax/persistence/hibernate-jpa-2.1-api/1.0.0.Final/hibernate-jpa-2.1-api-1.0.0.Final.jar:/Users/pkl/.m2/repository/org/javassist/javassist/3.22.0-GA/javassist-3.22.0-GA.jar:/Users/pkl/.m2/repository/antlr/antlr/2.7.7/antlr-2.7.7.jar:/Users/pkl/.m2/repository/org/jboss/jandex/2.0.3.Final/jandex-2.0.3.Final.jar:/Users/pkl/.m2/repository/dom4j/dom4j/1.6.1/dom4j-1.6.1.jar:/Users/pkl/.m2/repository/org/hibernate/common/hibernate-commons-annotations/5.0.1.Final/hibernate-commons-annotations-5.0.1.Final.jar:/Users/pkl/.m2/repository/javax/transaction/javax.transaction-api/1.2/javax.transaction-api-1.2.jar:/Users/pkl/.m2/repository/org/springframework/data/spring-data-jpa/2.0.6.RELEASE/spring-data-jpa-2.0.6.RELEASE.jar:/Users/pkl/.m2/repository/org/springframework/data/spring-data-commons/2.0.6.RELEASE/spring-data-commons-2.0.6.RELEASE.jar:/Users/pkl/.m2/repository/org/springframework/spring-orm/5.0.5.RELEASE/spring-orm-5.0.5.RELEASE.jar:/Users/pkl/.m2/repository/org/springframework/spring-tx/5.0.5.RELEASE/spring-tx-5.0.5.RELEASE.jar:/Users/pkl/.m2/repository/org/springframework/spring-aspects/5.0.5.RELEASE/spring-aspects-5.0.5.RELEASE.jar:/Users/pkl/.m2/repository/org/apache/commons/commons-lang3/3.7/commons-lang3-3.7.jar:/Users/pkl/.m2/repository/ch/qos/logback/logback-classic/1.2.3/logback-classic-1.2.3.jar:/Users/pkl/.m2/repository/ch/qos/logback/logback-core/1.2.3/logback-core-1.2.3.jar:/Users/pkl/.m2/repository/com/auth0/java-jwt/3.4.0/java-jwt-3.4.0.jar:/Users/pkl/.m2/repository/commons-codec/commons-codec/1.11/commons-codec-1.11.jar:/Users/pkl/.m2/repository/org/springframework/boot/spring-boot-starter-test/2.0.1.RELEASE/spring-boot-starter-test-2.0.1.RELEASE.jar:/Users/pkl/.m2/repository/org/springframework/boot/spring-boot-test/2.0.1.RELEASE/spring-boot-test-2.0.1.RELEASE.jar:/Users/pkl/.m2/repository/org/springframework/boot/spring-boot-test-autoconfigure/2.0.1.RELEASE/spring-boot-test-autoconfigure-2.0.1.RELEASE.jar:/Users/pkl/.m2/repository/com/jayway/jsonpath/json-path/2.4.0/json-path-2.4.0.jar:/Users/pkl/.m2/repository/net/minidev/json-smart/2.3/json-smart-2.3.jar:/Users/pkl/.m2/repository/net/minidev/accessors-smart/1.2/accessors-smart-1.2.jar:/Users/pkl/.m2/repository/org/ow2/asm/asm/5.0.4/asm-5.0.4.jar:/Users/pkl/.m2/repository/junit/junit/4.12/junit-4.12.jar:/Users/pkl/.m2/repository/org/assertj/assertj-core/3.9.1/assertj-core-3.9.1.jar:/Users/pkl/.m2/repository/org/mockito/mockito-core/2.15.0/mockito-core-2.15.0.jar:/Users/pkl/.m2/repository/net/bytebuddy/byte-buddy/1.7.11/byte-buddy-1.7.11.jar:/Users/pkl/.m2/repository/net/bytebuddy/byte-buddy-agent/1.7.11/byte-buddy-agent-1.7.11.jar:/Users/pkl/.m2/repository/org/objenesis/objenesis/2.6/objenesis-2.6.jar:/Users/pkl/.m2/repository/org/hamcrest/hamcrest-core/1.3/hamcrest-core-1.3.jar:/Users/pkl/.m2/repository/org/hamcrest/hamcrest-library/1.3/hamcrest-library-1.3.jar:/Users/pkl/.m2/repository/org/skyscreamer/jsonassert/1.5.0/jsonassert-1.5.0.jar:/Users/pkl/.m2/repository/com/vaadin/external/google/android-json/0.0.20131108.vaadin1/android-json-0.0.20131108.vaadin1.jar:/Users/pkl/.m2/repository/org/springframework/spring-core/5.0.5.RELEASE/spring-core-5.0.5.RELEASE.jar:/Users/pkl/.m2/repository/org/springframework/spring-jcl/5.0.5.RELEASE/spring-jcl-5.0.5.RELEASE.jar:/Users/pkl/.m2/repository/org/springframework/spring-test/5.0.5.RELEASE/spring-test-5.0.5.RELEASE.jar:/Users/pkl/.m2/repository/org/xmlunit/xmlunit-core/2.5.1/xmlunit-core-2.5.1.jar:/Users/pkl/.m2/repository/org/postgresql/postgresql/42.2.5/postgresql-42.2.5.jar:/Users/pkl/.m2/repository/org/springframework/spring-web/5.0.8.RELEASE/spring-web-5.0.8.RELEASE.jar:/Users/pkl/.m2/repository/org/springframework/spring-beans/5.0.5.RELEASE/spring-beans-5.0.5.RELEASE.jar:/Users/pkl/.m2/repository/com/fasterxml/jackson/core/jackson-annotations/2.9.6/jackson-annotations-2.9.6.jar:/Users/pkl/.m2/repository/org/springframework/spring-context/5.0.8.RELEASE/spring-context-5.0.8.RELEASE.jar:/Users/pkl/.m2/repository/org/springframework/spring-aop/5.0.5.RELEASE/spring-aop-5.0.5.RELEASE.jar:/Users/pkl/.m2/repository/org/springframework/spring-expression/5.0.5.RELEASE/spring-expression-5.0.5.RELEASE.jar:, java.specification.name=Java Platform API Specification, java.class.version=52.0, sun.management.compiler=HotSpot 64-Bit Tiered Compilers, os.version=10.14.5, user.home=/Users/pkl, user.timezone=Asia/Kolkata, java.awt.printerjob=sun.lwawt.macosx.CPrinterJob, file.encoding=US-ASCII, java.specification.version=1.8, java.class.path=/Users/pkl/GitProjects/Upgrad/Quora/Trello_quora/quora-api/target/test-classes:/Users/pkl/GitProjects/Upgrad/Quora/Trello_quora/quora-api/target/classes:/Users/pkl/.m2/repository/org/springframework/boot/spring-boot-starter-web/2.0.1.RELEASE/spring-boot-starter-web-2.0.1.RELEASE.jar:/Users/pkl/.m2/repository/org/springframework/boot/spring-boot-starter/2.0.1.RELEASE/spring-boot-starter-2.0.1.RELEASE.jar:/Users/pkl/.m2/repository/org/springframework/boot/spring-boot/2.0.1.RELEASE/spring-boot-2.0.1.RELEASE.jar:/Users/pkl/.m2/repository/org/springframework/boot/spring-boot-autoconfigure/2.0.1.RELEASE/spring-boot-autoconfigure-2.0.1.RELEASE.jar:/Users/pkl/.m2/repository/org/springframework/boot/spring-boot-starter-logging/2.0.1.RELEASE/spring-boot-starter-logging-2.0.1.RELEASE.jar:/Users/pkl/.m2/repository/org/apache/logging/log4j/log4j-to-slf4j/2.10.0/log4j-to-slf4j-2.10.0.jar:/Users/pkl/.m2/repository/org/apache/logging/log4j/log4j-api/2.10.0/log4j-api-2.10.0.jar:/Users/pkl/.m2/repository/org/slf4j/jul-to-slf4j/1.7.25/jul-to-slf4j-1.7.25.jar:/Users/pkl/.m2/repository/javax/annotation/javax.annotation-api/1.3.2/javax.annotation-api-1.3.2.jar:/Users/pkl/.m2/repository/org/yaml/snakeyaml/1.19/snakeyaml-1.19.jar:/Users/pkl/.m2/repository/org/springframework/boot/spring-boot-starter-json/2.0.1.RELEASE/spring-boot-starter-json-2.0.1.RELEASE.jar:/Users/pkl/.m2/repository/com/fasterxml/jackson/core/jackson-databind/2.9.5/jackson-databind-2.9.5.jar:/Users/pkl/.m2/repository/com/fasterxml/jackson/core/jackson-core/2.9.5/jackson-core-2.9.5.jar:/Users/pkl/.m2/repository/com/fasterxml/jackson/datatype/jackson-datatype-jdk8/2.9.5/jackson-datatype-jdk8-2.9.5.jar:/Users/pkl/.m2/repository/com/fasterxml/jackson/datatype/jackson-datatype-jsr310/2.9.5/jackson-datatype-jsr310-2.9.5.jar:/Users/pkl/.m2/repository/com/fasterxml/jackson/module/jackson-module-parameter-names/2.9.5/jackson-module-parameter-names-2.9.5.jar:/Users/pkl/.m2/repository/org/springframework/boot/spring-boot-starter-tomcat/2.0.1.RELEASE/spring-boot-starter-tomcat-2.0.1.RELEASE.jar:/Users/pkl/.m2/repository/org/apache/tomcat/embed/tomcat-embed-core/8.5.29/tomcat-embed-core-8.5.29.jar:/Users/pkl/.m2/repository/org/apache/tomcat/embed/tomcat-embed-el/8.5.29/tomcat-embed-el-8.5.29.jar:/Users/pkl/.m2/repository/org/apache/tomcat/embed/tomcat-embed-websocket/8.5.29/tomcat-embed-websocket-8.5.29.jar:/Users/pkl/.m2/repository/org/hibernate/validator/hibernate-validator/6.0.9.Final/hibernate-validator-6.0.9.Final.jar:/Users/pkl/.m2/repository/javax/validation/validation-api/2.0.1.Final/validation-api-2.0.1.Final.jar:/Users/pkl/.m2/repository/org/jboss/logging/jboss-logging/3.3.2.Final/jboss-logging-3.3.2.Final.jar:/Users/pkl/.m2/repository/org/springframework/spring-webmvc/5.0.5.RELEASE/spring-webmvc-5.0.5.RELEASE.jar:/Users/pkl/.m2/repository/io/swagger/swagger-annotations/1.5.18/swagger-annotations-1.5.18.jar:/Users/pkl/.m2/repository/io/springfox/springfox-swagger2/2.6.1/springfox-swagger2-2.6.1.jar:/Users/pkl/.m2/repository/io/swagger/swagger-models/1.5.10/swagger-models-1.5.10.jar:/Users/pkl/.m2/repository/io/springfox/springfox-spi/2.6.1/springfox-spi-2.6.1.jar:/Users/pkl/.m2/repository/io/springfox/springfox-core/2.6.1/springfox-core-2.6.1.jar:/Users/pkl/.m2/repository/io/springfox/springfox-schema/2.6.1/springfox-schema-2.6.1.jar:/Users/pkl/.m2/repository/io/springfox/springfox-swagger-common/2.6.1/springfox-swagger-common-2.6.1.jar:/Users/pkl/.m2/repository/io/springfox/springfox-spring-web/2.6.1/springfox-spring-web-2.6.1.jar:/Users/pkl/.m2/repository/com/google/guava/guava/18.0/guava-18.0.jar:/Users/pkl/.m2/repository/com/fasterxml/classmate/1.3.4/classmate-1.3.4.jar:/Users/pkl/.m2/repository/org/slf4j/slf4j-api/1.7.25/slf4j-api-1.7.25.jar:/Users/pkl/.m2/repository/org/springframework/plugin/spring-plugin-core/1.2.0.RELEASE/spring-plugin-core-1.2.0.RELEASE.jar:/Users/pkl/.m2/repository/org/springframework/plugin/spring-plugin-metadata/1.2.0.RELEASE/spring-plugin-metadata-1.2.0.RELEASE.jar:/Users/pkl/.m2/repository/org/mapstruct/mapstruct/1.0.0.Final/mapstruct-1.0.0.Final.jar:/Users/pkl/.m2/repository/io/springfox/springfox-swagger-ui/2.6.1/springfox-swagger-ui-2.6.1.jar:/Users/pkl/GitProjects/Upgrad/Quora/Trello_quora/quora-service/target/quora-service-1.0-SNAPSHOT.jar:/Users/pkl/.m2/repository/org/springframework/boot/spring-boot-starter-validation/2.0.1.RELEASE/spring-boot-starter-validation-2.0.1.RELEASE.jar:/Users/pkl/.m2/repository/org/springframework/boot/spring-boot-starter-data-jpa/2.0.1.RELEASE/spring-boot-starter-data-jpa-2.0.1.RELEASE.jar:/Users/pkl/.m2/repository/org/springframework/boot/spring-boot-starter-aop/2.0.1.RELEASE/spring-boot-starter-aop-2.0.1.RELEASE.jar:/Users/pkl/.m2/repository/org/aspectj/aspectjweaver/1.8.13/aspectjweaver-1.8.13.jar:/Users/pkl/.m2/repository/org/springframework/boot/spring-boot-starter-jdbc/2.0.1.RELEASE/spring-boot-starter-jdbc-2.0.1.RELEASE.jar:/Users/pkl/.m2/repository/com/zaxxer/HikariCP/2.7.8/HikariCP-2.7.8.jar:/Users/pkl/.m2/repository/org/springframework/spring-jdbc/5.0.5.RELEASE/spring-jdbc-5.0.5.RELEASE.jar:/Users/pkl/.m2/repository/org/hibernate/hibernate-core/5.2.16.Final/hibernate-core-5.2.16.Final.jar:/Users/pkl/.m2/repository/org/hibernate/javax/persistence/hibernate-jpa-2.1-api/1.0.0.Final/hibernate-jpa-2.1-api-1.0.0.Final.jar:/Users/pkl/.m2/repository/org/javassist/javassist/3.22.0-GA/javassist-3.22.0-GA.jar:/Users/pkl/.m2/repository/antlr/antlr/2.7.7/antlr-2.7.7.jar:/Users/pkl/.m2/repository/org/jboss/jandex/2.0.3.Final/jandex-2.0.3.Final.jar:/Users/pkl/.m2/repository/dom4j/dom4j/1.6.1/dom4j-1.6.1.jar:/Users/pkl/.m2/repository/org/hibernate/common/hibernate-commons-annotations/5.0.1.Final/hibernate-commons-annotations-5.0.1.Final.jar:/Users/pkl/.m2/repository/javax/transaction/javax.transaction-api/1.2/javax.transaction-api-1.2.jar:/Users/pkl/.m2/repository/org/springframework/data/spring-data-jpa/2.0.6.RELEASE/spring-data-jpa-2.0.6.RELEASE.jar:/Users/pkl/.m2/repository/org/springframework/data/spring-data-commons/2.0.6.RELEASE/spring-data-commons-2.0.6.RELEASE.jar:/Users/pkl/.m2/repository/org/springframework/spring-orm/5.0.5.RELEASE/spring-orm-5.0.5.RELEASE.jar:/Users/pkl/.m2/repository/org/springframework/spring-tx/5.0.5.RELEASE/spring-tx-5.0.5.RELEASE.jar:/Users/pkl/.m2/repository/org/springframework/spring-aspects/5.0.5.RELEASE/spring-aspects-5.0.5.RELEASE.jar:/Users/pkl/.m2/repository/org/apache/commons/commons-lang3/3.7/commons-lang3-3.7.jar:/Users/pkl/.m2/repository/ch/qos/logback/logback-classic/1.2.3/logback-classic-1.2.3.jar:/Users/pkl/.m2/repository/ch/qos/logback/logback-core/1.2.3/logback-core-1.2.3.jar:/Users/pkl/.m2/repository/com/auth0/java-jwt/3.4.0/java-jwt-3.4.0.jar:/Users/pkl/.m2/repository/commons-codec/commons-codec/1.11/commons-codec-1.11.jar:/Users/pkl/.m2/repository/org/springframework/boot/spring-boot-starter-test/2.0.1.RELEASE/spring-boot-starter-test-2.0.1.RELEASE.jar:/Users/pkl/.m2/repository/org/springframework/boot/spring-boot-test/2.0.1.RELEASE/spring-boot-test-2.0.1.RELEASE.jar:/Users/pkl/.m2/repository/org/springframework/boot/spring-boot-test-autoconfigure/2.0.1.RELEASE/spring-boot-test-autoconfigure-2.0.1.RELEASE.jar:/Users/pkl/.m2/repository/com/jayway/jsonpath/json-path/2.4.0/json-path-2.4.0.jar:/Users/pkl/.m2/repository/net/minidev/json-smart/2.3/json-smart-2.3.jar:/Users/pkl/.m2/repository/net/minidev/accessors-smart/1.2/accessors-smart-1.2.jar:/Users/pkl/.m2/repository/org/ow2/asm/asm/5.0.4/asm-5.0.4.jar:/Users/pkl/.m2/repository/junit/junit/4.12/junit-4.12.jar:/Users/pkl/.m2/repository/org/assertj/assertj-core/3.9.1/assertj-core-3.9.1.jar:/Users/pkl/.m2/repository/org/mockito/mockito-core/2.15.0/mockito-core-2.15.0.jar:/Users/pkl/.m2/repository/net/bytebuddy/byte-buddy/1.7.11/byte-buddy-1.7.11.jar:/Users/pkl/.m2/repository/net/bytebuddy/byte-buddy-agent/1.7.11/byte-buddy-agent-1.7.11.jar:/Users/pkl/.m2/repository/org/objenesis/objenesis/2.6/objenesis-2.6.jar:/Users/pkl/.m2/repository/org/hamcrest/hamcrest-core/1.3/hamcrest-core-1.3.jar:/Users/pkl/.m2/repository/org/hamcrest/hamcrest-library/1.3/hamcrest-library-1.3.jar:/Users/pkl/.m2/repository/org/skyscreamer/jsonassert/1.5.0/jsonassert-1.5.0.jar:/Users/pkl/.m2/repository/com/vaadin/external/google/android-json/0.0.20131108.vaadin1/android-json-0.0.20131108.vaadin1.jar:/Users/pkl/.m2/repository/org/springframework/spring-core/5.0.5.RELEASE/spring-core-5.0.5.RELEASE.jar:/Users/pkl/.m2/repository/org/springframework/spring-jcl/5.0.5.RELEASE/spring-jcl-5.0.5.RELEASE.jar:/Users/pkl/.m2/repository/org/springframework/spring-test/5.0.5.RELEASE/spring-test-5.0.5.RELEASE.jar:/Users/pkl/.m2/repository/org/xmlunit/xmlunit-core/2.5.1/xmlunit-core-2.5.1.jar:/Users/pkl/.m2/repository/org/postgresql/postgresql/42.2.5/postgresql-42.2.5.jar:/Users/pkl/.m2/repository/org/springframework/spring-web/5.0.8.RELEASE/spring-web-5.0.8.RELEASE.jar:/Users/pkl/.m2/repository/org/springframework/spring-beans/5.0.5.RELEASE/spring-beans-5.0.5.RELEASE.jar:/Users/pkl/.m2/repository/com/fasterxml/jackson/core/jackson-annotations/2.9.6/jackson-annotations-2.9.6.jar:/Users/pkl/.m2/repository/org/springframework/spring-context/5.0.8.RELEASE/spring-context-5.0.8.RELEASE.jar:/Users/pkl/.m2/repository/org/springframework/spring-aop/5.0.5.RELEASE/spring-aop-5.0.5.RELEASE.jar:/Users/pkl/.m2/repository/org/springframework/spring-expression/5.0.5.RELEASE/spring-expression-5.0.5.RELEASE.jar:, user.name=pkl, java.vm.specification.version=1.8, sun.java.command=/Users/pkl/GitProjects/Upgrad/Quora/Trello_quora/quora-api/target/surefire/surefirebooter4801899834512362819.jar /Users/pkl/GitProjects/Upgrad/Quora/Trello_quora/quora-api/target/surefire 2020-06-06T11-46-55_950-jvmRun1 surefire2876884164727416101tmp surefire_07579187512767747961tmp, java.home=/Library/Java/JavaVirtualMachines/jdk1.8.0_231.jdk/Contents/Home/jre, sun.arch.data.model=64, user.language=en, java.specification.vendor=Oracle Corporation, awt.toolkit=sun.lwawt.macosx.LWCToolkit, java.vm.info=mixed mode, java.version=1.8.0_231, java.ext.dirs=/Users/pkl/Library/Java/Extensions:/Library/Java/JavaVirtualMachines/jdk1.8.0_231.jdk/Contents/Home/jre/lib/ext:/Library/Java/Extensions:/Network/Library/Java/Extensions:/System/Library/Java/Extensions:/usr/lib/java, sun.boot.class.path=/Library/Java/JavaVirtualMachines/jdk1.8.0_231.jdk/Contents/Home/jre/lib/resources.jar:/Library/Java/JavaVirtualMachines/jdk1.8.0_231.jdk/Contents/Home/jre/lib/rt.jar:/Library/Java/JavaVirtualMachines/jdk1.8.0_231.jdk/Contents/Home/jre/lib/sunrsasign.jar:/Library/Java/JavaVirtualMachines/jdk1.8.0_231.jdk/Contents/Home/jre/lib/jsse.jar:/Library/Java/JavaVirtualMachines/jdk1.8.0_231.jdk/Contents/Home/jre/lib/jce.jar:/Library/Java/JavaVirtualMachines/jdk1.8.0_231.jdk/Contents/Home/jre/lib/charsets.jar:/Library/Java/JavaVirtualMachines/jdk1.8.0_231.jdk/Contents/Home/jre/lib/jfr.jar:/Library/Java/JavaVirtualMachines/jdk1.8.0_231.jdk/Contents/Home/jre/classes, java.vendor=Oracle Corporation, localRepository=/Users/pkl/.m2/repository, file.separator=/, java.vendor.url.bug=http://bugreport.sun.com/bugreport/, sun.io.unicode.encoding=UnicodeBig, sun.cpu.endian=little, sun.cpu.isalist=}}, SystemEnvironmentPropertySource@220309324 {name='systemEnvironment', properties={PATH=/usr/local/bin:/usr/bin:/bin:/usr/sbin:/sbin:/Applications/VMware Fusion.app/Contents/Public:/Users/pkl/softwares/apache-maven-3.6.2/bin, JAVA_ARCH=x86_64, TERM=xterm-256color, COMMAND_MODE=unix2003, LOGNAME=pkl, XPC_SERVICE_NAME=0, PWD=/Users/pkl/GitProjects/Upgrad/Quora/Trello_quora/quora-api, MAVEN_CMD_LINE_ARGS= clean install, JAVA_MAIN_CLASS_15154=org.codehaus.plexus.classworlds.launcher.Launcher, _=/Library/Java/JavaVirtualMachines/jdk1.8.0_231.jdk/Contents/Home/jre/bin/java, SHELL=/bin/bash, MAVEN_PROJECTBASEDIR=/Users/pkl/GitProjects/Upgrad/Quora/Trello_quora, OLDPWD=/Users/pkl/GitProjects/Upgrad/Quora/Trello_quora/quora-api, USER=pkl, TERMINAL_EMULATOR=JetBrains-JediTerm, TMPDIR=/var/folders/s4/dlfgsgpn2lndy8_yjc2_67vj4jpdsz/T/, SSH_AUTH_SOCK=/private/tmp/com.apple.launchd.rUvHuNAqWj/Listeners, XPC_FLAGS=0x0, M2_HOME=/Users/pkl/softwares/apache-maven-3.6.2, __CF_USER_TEXT_ENCODING=0x491B373F:0x0:0x0, Apple_PubSub_Socket_Render=/private/tmp/com.apple.launchd.Qy98utExW2/Render, com.apple.java.jvmTask=CommandLine, JAVA_MAIN_CLASS_15184=org.apache.maven.surefire.booter.ForkedBooter, LC_CTYPE=en_IN.UTF-8, HOME=/Users/pkl, SHLVL=2}}]
11:47:00.008 [main] DEBUG org.springframework.test.context.support.TestPropertySourceUtils - Adding inlined properties to environment: {spring.jmx.enabled=false, org.springframework.boot.test.context.SpringBootTestContextBootstrapper=true, server.port=-1}
11:47:00.009 [main] DEBUG org.springframework.core.env.StandardEnvironment - Adding PropertySource 'Inlined Test Properties' with highest search precedence

  .   ____          _            __ _ _
 /\\ / ___'_ __ _ _(_)_ __  __ _ \ \ \ \
( ( )\___ | '_ | '_| | '_ \/ _` | \ \ \ \
 \\/  ___)| |_)| | | | | || (_| |  ) ) ) )
  '  |____| .__|_| |_|_| |_\__, | / / / /
 =========|_|==============|___/=/_/_/_/
 :: Spring Boot ::        (v2.0.1.RELEASE)

2020-06-06 11:47:00.346  INFO 15184 --- [           main] c.u.q.a.controller.AnswerControllerTest  : Starting AnswerControllerTest on INTUL173ce7c47 with PID 15184 (started by pkl in /Users/pkl/GitProjects/Upgrad/Quora/Trello_quora/quora-api)
2020-06-06 11:47:00.347  INFO 15184 --- [           main] c.u.q.a.controller.AnswerControllerTest  : No active profile set, falling back to default profiles: default
2020-06-06 11:47:00.371  INFO 15184 --- [           main] o.s.w.c.s.GenericWebApplicationContext   : Refreshing org.springframework.web.context.support.GenericWebApplicationContext@32115b28: startup date [Sat Jun 06 11:47:00 IST 2020]; root of context hierarchy
2020-06-06 11:47:01.550  INFO 15184 --- [           main] trationDelegate$BeanPostProcessorChecker : Bean 'org.springframework.transaction.annotation.ProxyTransactionManagementConfiguration' of type [org.springframework.transaction.annotation.ProxyTransactionManagementConfiguration$$EnhancerBySpringCGLIB$$e6d85661] is not eligible for getting processed by all BeanPostProcessors (for example: not eligible for auto-proxying)
2020-06-06 11:47:01.770  INFO 15184 --- [           main] com.zaxxer.hikari.HikariDataSource       : HikariPool-1 - Starting...
2020-06-06 11:47:01.891  INFO 15184 --- [           main] com.zaxxer.hikari.HikariDataSource       : HikariPool-1 - Start completed.
2020-06-06 11:47:01.976  INFO 15184 --- [           main] j.LocalContainerEntityManagerFactoryBean : Building JPA container EntityManagerFactory for persistence unit 'default'
2020-06-06 11:47:02.001  INFO 15184 --- [           main] o.hibernate.jpa.internal.util.LogHelper  : HHH000204: Processing PersistenceUnitInfo [
	name: default
	...]
2020-06-06 11:47:02.088  INFO 15184 --- [           main] org.hibernate.Version                    : HHH000412: Hibernate Core {5.2.16.Final}
2020-06-06 11:47:02.089  INFO 15184 --- [           main] org.hibernate.cfg.Environment            : HHH000206: hibernate.properties not found
2020-06-06 11:47:02.128  INFO 15184 --- [           main] o.hibernate.annotations.common.Version   : HCANN000001: Hibernate Commons Annotations {5.0.1.Final}
2020-06-06 11:47:02.238  INFO 15184 --- [           main] org.hibernate.dialect.Dialect            : HHH000400: Using dialect: org.hibernate.dialect.PostgreSQL9Dialect
2020-06-06 11:47:02.250  INFO 15184 --- [           main] o.h.e.j.e.i.LobCreatorBuilderImpl        : HHH000422: Disabling contextual LOB creation as connection was null
2020-06-06 11:47:02.251  INFO 15184 --- [           main] org.hibernate.type.BasicTypeRegistry     : HHH000270: Type registration [java.util.UUID] overrides previous : org.hibernate.type.UUIDBinaryType@49cb1baf
2020-06-06 11:47:02.407  WARN 15184 --- [           main] o.s.w.c.s.GenericWebApplicationContext   : Exception encountered during context initialization - cancelling refresh attempt: org.springframework.beans.factory.BeanCreationException: Error creating bean with name 'entityManagerFactory' defined in class path resource [org/springframework/boot/autoconfigure/orm/jpa/HibernateJpaConfiguration.class]: Invocation of init method failed; nested exception is javax.persistence.PersistenceException: [PersistenceUnit: default] Unable to build Hibernate SessionFactory; nested exception is org.hibernate.MappingException: Repeated column in mapping for entity: com.upgrad.quora.service.entity.Question column: user_id (should be mapped with insert="false" update="false")
2020-06-06 11:47:02.407  INFO 15184 --- [           main] com.zaxxer.hikari.HikariDataSource       : HikariPool-1 - Shutdown initiated...
2020-06-06 11:47:02.409  INFO 15184 --- [           main] com.zaxxer.hikari.HikariDataSource       : HikariPool-1 - Shutdown completed.
2020-06-06 11:47:02.417  INFO 15184 --- [           main] ConditionEvaluationReportLoggingListener : 

Error starting ApplicationContext. To display the conditions report re-run your application with 'debug' enabled.
2020-06-06 11:47:02.424 ERROR 15184 --- [           main] o.s.boot.SpringApplication               : Application run failed

org.springframework.beans.factory.BeanCreationException: Error creating bean with name 'entityManagerFactory' defined in class path resource [org/springframework/boot/autoconfigure/orm/jpa/HibernateJpaConfiguration.class]: Invocation of init method failed; nested exception is javax.persistence.PersistenceException: [PersistenceUnit: default] Unable to build Hibernate SessionFactory; nested exception is org.hibernate.MappingException: Repeated column in mapping for entity: com.upgrad.quora.service.entity.Question column: user_id (should be mapped with insert="false" update="false")
	at org.springframework.beans.factory.support.AbstractAutowireCapableBeanFactory.initializeBean(AbstractAutowireCapableBeanFactory.java:1702) ~[spring-beans-5.0.5.RELEASE.jar:5.0.5.RELEASE]
	at org.springframework.beans.factory.support.AbstractAutowireCapableBeanFactory.doCreateBean(AbstractAutowireCapableBeanFactory.java:579) ~[spring-beans-5.0.5.RELEASE.jar:5.0.5.RELEASE]
	at org.springframework.beans.factory.support.AbstractAutowireCapableBeanFactory.createBean(AbstractAutowireCapableBeanFactory.java:501) ~[spring-beans-5.0.5.RELEASE.jar:5.0.5.RELEASE]
	at org.springframework.beans.factory.support.AbstractBeanFactory.lambda$doGetBean$0(AbstractBeanFactory.java:317) ~[spring-beans-5.0.5.RELEASE.jar:5.0.5.RELEASE]
	at org.springframework.beans.factory.support.DefaultSingletonBeanRegistry.getSingleton(DefaultSingletonBeanRegistry.java:228) ~[spring-beans-5.0.5.RELEASE.jar:5.0.5.RELEASE]
	at org.springframework.beans.factory.support.AbstractBeanFactory.doGetBean(AbstractBeanFactory.java:315) ~[spring-beans-5.0.5.RELEASE.jar:5.0.5.RELEASE]
	at org.springframework.beans.factory.support.AbstractBeanFactory.getBean(AbstractBeanFactory.java:199) ~[spring-beans-5.0.5.RELEASE.jar:5.0.5.RELEASE]
	at org.springframework.context.support.AbstractApplicationContext.getBean(AbstractApplicationContext.java:1089) ~[spring-context-5.0.8.RELEASE.jar:5.0.8.RELEASE]
	at org.springframework.context.support.AbstractApplicationContext.finishBeanFactoryInitialization(AbstractApplicationContext.java:859) ~[spring-context-5.0.8.RELEASE.jar:5.0.8.RELEASE]
	at org.springframework.context.support.AbstractApplicationContext.refresh(AbstractApplicationContext.java:550) ~[spring-context-5.0.8.RELEASE.jar:5.0.8.RELEASE]
	at org.springframework.boot.SpringApplication.refresh(SpringApplication.java:759) ~[spring-boot-2.0.1.RELEASE.jar:2.0.1.RELEASE]
	at org.springframework.boot.SpringApplication.refreshContext(SpringApplication.java:395) ~[spring-boot-2.0.1.RELEASE.jar:2.0.1.RELEASE]
	at org.springframework.boot.SpringApplication.run(SpringApplication.java:327) ~[spring-boot-2.0.1.RELEASE.jar:2.0.1.RELEASE]
	at org.springframework.boot.test.context.SpringBootContextLoader.loadContext(SpringBootContextLoader.java:138) [spring-boot-test-2.0.1.RELEASE.jar:2.0.1.RELEASE]
	at org.springframework.test.context.cache.DefaultCacheAwareContextLoaderDelegate.loadContextInternal(DefaultCacheAwareContextLoaderDelegate.java:99) [spring-test-5.0.5.RELEASE.jar:5.0.5.RELEASE]
	at org.springframework.test.context.cache.DefaultCacheAwareContextLoaderDelegate.loadContext(DefaultCacheAwareContextLoaderDelegate.java:117) [spring-test-5.0.5.RELEASE.jar:5.0.5.RELEASE]
	at org.springframework.test.context.support.DefaultTestContext.getApplicationContext(DefaultTestContext.java:108) [spring-test-5.0.5.RELEASE.jar:5.0.5.RELEASE]
	at org.springframework.test.context.web.ServletTestExecutionListener.setUpRequestContextIfNecessary(ServletTestExecutionListener.java:190) [spring-test-5.0.5.RELEASE.jar:5.0.5.RELEASE]
	at org.springframework.test.context.web.ServletTestExecutionListener.prepareTestInstance(ServletTestExecutionListener.java:132) [spring-test-5.0.5.RELEASE.jar:5.0.5.RELEASE]
	at org.springframework.test.context.TestContextManager.prepareTestInstance(TestContextManager.java:246) [spring-test-5.0.5.RELEASE.jar:5.0.5.RELEASE]
	at org.springframework.test.context.junit4.SpringJUnit4ClassRunner.createTest(SpringJUnit4ClassRunner.java:227) [spring-test-5.0.5.RELEASE.jar:5.0.5.RELEASE]
	at org.springframework.test.context.junit4.SpringJUnit4ClassRunner$1.runReflectiveCall(SpringJUnit4ClassRunner.java:289) [spring-test-5.0.5.RELEASE.jar:5.0.5.RELEASE]
	at org.junit.internal.runners.model.ReflectiveCallable.run(ReflectiveCallable.java:12) [junit-4.12.jar:4.12]
	at org.springframework.test.context.junit4.SpringJUnit4ClassRunner.methodBlock(SpringJUnit4ClassRunner.java:291) [spring-test-5.0.5.RELEASE.jar:5.0.5.RELEASE]
	at org.springframework.test.context.junit4.SpringJUnit4ClassRunner.runChild(SpringJUnit4ClassRunner.java:246) [spring-test-5.0.5.RELEASE.jar:5.0.5.RELEASE]
	at org.springframework.test.context.junit4.SpringJUnit4ClassRunner.runChild(SpringJUnit4ClassRunner.java:97) [spring-test-5.0.5.RELEASE.jar:5.0.5.RELEASE]
	at org.junit.runners.ParentRunner$3.run(ParentRunner.java:290) [junit-4.12.jar:4.12]
	at org.junit.runners.ParentRunner$1.schedule(ParentRunner.java:71) [junit-4.12.jar:4.12]
	at org.junit.runners.ParentRunner.runChildren(ParentRunner.java:288) [junit-4.12.jar:4.12]
	at org.junit.runners.ParentRunner.access$000(ParentRunner.java:58) [junit-4.12.jar:4.12]
	at org.junit.runners.ParentRunner$2.evaluate(ParentRunner.java:268) [junit-4.12.jar:4.12]
	at org.springframework.test.context.junit4.statements.RunBeforeTestClassCallbacks.evaluate(RunBeforeTestClassCallbacks.java:61) [spring-test-5.0.5.RELEASE.jar:5.0.5.RELEASE]
	at org.springframework.test.context.junit4.statements.RunAfterTestClassCallbacks.evaluate(RunAfterTestClassCallbacks.java:70) [spring-test-5.0.5.RELEASE.jar:5.0.5.RELEASE]
	at org.junit.runners.ParentRunner.run(ParentRunner.java:363) [junit-4.12.jar:4.12]
	at org.springframework.test.context.junit4.SpringJUnit4ClassRunner.run(SpringJUnit4ClassRunner.java:190) [spring-test-5.0.5.RELEASE.jar:5.0.5.RELEASE]
	at org.apache.maven.surefire.junit4.JUnit4Provider.execute(JUnit4Provider.java:365) [surefire-junit4-2.21.0.jar:2.21.0]
	at org.apache.maven.surefire.junit4.JUnit4Provider.executeWithRerun(JUnit4Provider.java:273) [surefire-junit4-2.21.0.jar:2.21.0]
	at org.apache.maven.surefire.junit4.JUnit4Provider.executeTestSet(JUnit4Provider.java:238) [surefire-junit4-2.21.0.jar:2.21.0]
	at org.apache.maven.surefire.junit4.JUnit4Provider.invoke(JUnit4Provider.java:159) [surefire-junit4-2.21.0.jar:2.21.0]
	at org.apache.maven.surefire.booter.ForkedBooter.invokeProviderInSameClassLoader(ForkedBooter.java:379) [surefire-booter-2.21.0.jar:2.21.0]
	at org.apache.maven.surefire.booter.ForkedBooter.runSuitesInProcess(ForkedBooter.java:340) [surefire-booter-2.21.0.jar:2.21.0]
	at org.apache.maven.surefire.booter.ForkedBooter.execute(ForkedBooter.java:125) [surefire-booter-2.21.0.jar:2.21.0]
	at org.apache.maven.surefire.booter.ForkedBooter.main(ForkedBooter.java:413) [surefire-booter-2.21.0.jar:2.21.0]
Caused by: javax.persistence.PersistenceException: [PersistenceUnit: default] Unable to build Hibernate SessionFactory; nested exception is org.hibernate.MappingException: Repeated column in mapping for entity: com.upgrad.quora.service.entity.Question column: user_id (should be mapped with insert="false" update="false")
	at org.springframework.orm.jpa.AbstractEntityManagerFactoryBean.buildNativeEntityManagerFactory(AbstractEntityManagerFactoryBean.java:402) ~[spring-orm-5.0.5.RELEASE.jar:5.0.5.RELEASE]
	at org.springframework.orm.jpa.AbstractEntityManagerFactoryBean.afterPropertiesSet(AbstractEntityManagerFactoryBean.java:377) ~[spring-orm-5.0.5.RELEASE.jar:5.0.5.RELEASE]
	at org.springframework.orm.jpa.LocalContainerEntityManagerFactoryBean.afterPropertiesSet(LocalContainerEntityManagerFactoryBean.java:341) ~[spring-orm-5.0.5.RELEASE.jar:5.0.5.RELEASE]
	at org.springframework.beans.factory.support.AbstractAutowireCapableBeanFactory.invokeInitMethods(AbstractAutowireCapableBeanFactory.java:1761) ~[spring-beans-5.0.5.RELEASE.jar:5.0.5.RELEASE]
	at org.springframework.beans.factory.support.AbstractAutowireCapableBeanFactory.initializeBean(AbstractAutowireCapableBeanFactory.java:1698) ~[spring-beans-5.0.5.RELEASE.jar:5.0.5.RELEASE]
	... 42 common frames omitted
Caused by: org.hibernate.MappingException: Repeated column in mapping for entity: com.upgrad.quora.service.entity.Question column: user_id (should be mapped with insert="false" update="false")
	at org.hibernate.mapping.PersistentClass.checkColumnDuplication(PersistentClass.java:835) ~[hibernate-core-5.2.16.Final.jar:5.2.16.Final]
	at org.hibernate.mapping.PersistentClass.checkPropertyColumnDuplication(PersistentClass.java:853) ~[hibernate-core-5.2.16.Final.jar:5.2.16.Final]
	at org.hibernate.mapping.PersistentClass.checkColumnDuplication(PersistentClass.java:875) ~[hibernate-core-5.2.16.Final.jar:5.2.16.Final]
	at org.hibernate.mapping.PersistentClass.validate(PersistentClass.java:607) ~[hibernate-core-5.2.16.Final.jar:5.2.16.Final]
	at org.hibernate.mapping.RootClass.validate(RootClass.java:265) ~[hibernate-core-5.2.16.Final.jar:5.2.16.Final]
	at org.hibernate.boot.internal.MetadataImpl.validate(MetadataImpl.java:329) ~[hibernate-core-5.2.16.Final.jar:5.2.16.Final]
	at org.hibernate.boot.internal.SessionFactoryBuilderImpl.build(SessionFactoryBuilderImpl.java:459) ~[hibernate-core-5.2.16.Final.jar:5.2.16.Final]
	at org.hibernate.jpa.boot.internal.EntityManagerFactoryBuilderImpl.build(EntityManagerFactoryBuilderImpl.java:892) ~[hibernate-core-5.2.16.Final.jar:5.2.16.Final]
	at org.springframework.orm.jpa.vendor.SpringHibernateJpaPersistenceProvider.createContainerEntityManagerFactory(SpringHibernateJpaPersistenceProvider.java:57) ~[spring-orm-5.0.5.RELEASE.jar:5.0.5.RELEASE]
	at org.springframework.orm.jpa.LocalContainerEntityManagerFactoryBean.createNativeEntityManagerFactory(LocalContainerEntityManagerFactoryBean.java:365) ~[spring-orm-5.0.5.RELEASE.jar:5.0.5.RELEASE]
	at org.springframework.orm.jpa.AbstractEntityManagerFactoryBean.buildNativeEntityManagerFactory(AbstractEntityManagerFactoryBean.java:390) ~[spring-orm-5.0.5.RELEASE.jar:5.0.5.RELEASE]
	... 46 common frames omitted

2020-06-06 11:47:02.426 ERROR 15184 --- [           main] o.s.test.context.TestContextManager      : Caught exception while allowing TestExecutionListener [org.springframework.test.context.web.ServletTestExecutionListener@bcec361] to prepare test instance [com.upgrad.quora.api.controller.AnswerControllerTest@58ae402b]

java.lang.IllegalStateException: Failed to load ApplicationContext
	at org.springframework.test.context.cache.DefaultCacheAwareContextLoaderDelegate.loadContext(DefaultCacheAwareContextLoaderDelegate.java:125) ~[spring-test-5.0.5.RELEASE.jar:5.0.5.RELEASE]
	at org.springframework.test.context.support.DefaultTestContext.getApplicationContext(DefaultTestContext.java:108) ~[spring-test-5.0.5.RELEASE.jar:5.0.5.RELEASE]
	at org.springframework.test.context.web.ServletTestExecutionListener.setUpRequestContextIfNecessary(ServletTestExecutionListener.java:190) ~[spring-test-5.0.5.RELEASE.jar:5.0.5.RELEASE]
[...]
	at org.springframework.beans.factory.support.AbstractAutowireCapableBeanFactory.createBean(AbstractAutowireCapableBeanFactory.java:501) ~[spring-beans-5.0.5.RELEASE.jar:5.0.5.RELEASE]
	at org.springframework.beans.factory.support.AbstractBeanFactory.lambda$doGetBean$0(AbstractBeanFactory.java:317) ~[spring-beans-5.0.5.RELEASE.jar:5.0.5.RELEASE]
	at org.springframework.beans.factory.support.DefaultSingletonBeanRegistry.getSingleton(DefaultSingletonBeanRegistry.java:228) ~[spring-beans-5.0.5.RELEASE.jar:5.0.5.RELEASE]
	at org.springframework.beans.factory.support.AbstractBeanFactory.doGetBean(AbstractBeanFactory.java:315) ~[spring-beans-5.0.5.RELEASE.jar:5.0.5.RELEASE]
	at org.springframework.beans.factory.support.AbstractBeanFactory.getBean(AbstractBeanFactory.java:199) ~[spring-beans-5.0.5.RELEASE.jar:5.0.5.RELEASE]
	at org.springframework.context.support.AbstractApplicationContext.getBean(AbstractApplicationContext.java:1089) ~[spring-context-5.0.8.RELEASE.jar:5.0.8.RELEASE]
	at org.springframework.context.support.AbstractApplicationContext.finishBeanFactoryInitialization(AbstractApplicationContext.java:859) ~[spring-context-5.0.8.RELEASE.jar:5.0.8.RELEASE]
	at org.springframework.context.support.AbstractApplicationContext.refresh(AbstractApplicationContext.java:550) ~[spring-context-5.0.8.RELEASE.jar:5.0.8.RELEASE]
	at org.springframework.boot.SpringApplication.refresh(SpringApplication.java:759) ~[spring-boot-2.0.1.RELEASE.jar:2.0.1.RELEASE]
	at org.springframework.boot.SpringApplication.refreshContext(SpringApplication.java:395) ~[spring-boot-2.0.1.RELEASE.jar:2.0.1.RELEASE]
	at org.springframework.boot.SpringApplication.run(SpringApplication.java:327) ~[spring-boot-2.0.1.RELEASE.jar:2.0.1.RELEASE]
	at org.springframework.boot.test.context.SpringBootContextLoader.loadContext(SpringBootContextLoader.java:138) [spring-boot-test-2.0.1.RELEASE.jar:2.0.1.RELEASE]
	at org.springframework.test.context.cache.DefaultCacheAwareContextLoaderDelegate.loadContextInternal(DefaultCacheAwareContextLoaderDelegate.java:99) [spring-test-5.0.5.RELEASE.jar:5.0.5.RELEASE]
	at org.springframework.test.context.cache.DefaultCacheAwareContextLoaderDelegate.loadContext(DefaultCacheAwareContextLoaderDelegate.java:117) [spring-test-5.0.5.RELEASE.jar:5.0.5.RELEASE]
	at org.springframework.test.context.support.DefaultTestContext.getApplicationContext(DefaultTestContext.java:108) [spring-test-5.0.5.RELEASE.jar:5.0.5.RELEASE]
	at org.springframework.test.context.web.ServletTestExecutionListener.setUpRequestContextIfNecessary(ServletTestExecutionListener.java:190) [spring-test-5.0.5.RELEASE.jar:5.0.5.RELEASE]
	at org.springframework.test.context.web.ServletTestExecutionListener.prepareTestInstance(ServletTestExecutionListener.java:132) [spring-test-5.0.5.RELEASE.jar:5.0.5.RELEASE]
	at org.springframework.test.context.TestContextManager.prepareTestInstance(TestContextManager.java:246) [spring-test-5.0.5.RELEASE.jar:5.0.5.RELEASE]
	at org.springframework.test.context.junit4.SpringJUnit4ClassRunner.createTest(SpringJUnit4ClassRunner.java:227) [spring-test-5.0.5.RELEASE.jar:5.0.5.RELEASE]
	at org.springframework.test.context.junit4.SpringJUnit4ClassRunner$1.runReflectiveCall(SpringJUnit4ClassRunner.java:289) [spring-test-5.0.5.RELEASE.jar:5.0.5.RELEASE]
	at org.junit.internal.runners.model.ReflectiveCallable.run(ReflectiveCallable.java:12) [junit-4.12.jar:4.12]
	at org.springframework.test.context.junit4.SpringJUnit4ClassRunner.methodBlock(SpringJUnit4ClassRunner.java:291) [spring-test-5.0.5.RELEASE.jar:5.0.5.RELEASE]
	at org.springframework.test.context.junit4.SpringJUnit4ClassRunner.runChild(SpringJUnit4ClassRunner.java:246) [spring-test-5.0.5.RELEASE.jar:5.0.5.RELEASE]
	at org.springframework.test.context.junit4.SpringJUnit4ClassRunner.runChild(SpringJUnit4ClassRunner.java:97) [spring-test-5.0.5.RELEASE.jar:5.0.5.RELEASE]
	at org.junit.runners.ParentRunner$3.run(ParentRunner.java:290) [junit-4.12.jar:4.12]
	at org.junit.runners.ParentRunner$1.schedule(ParentRunner.java:71) [junit-4.12.jar:4.12]
	at org.junit.runners.ParentRunner.runChildren(ParentRunner.java:288) [junit-4.12.jar:4.12]
	at org.junit.runners.ParentRunner.access$000(ParentRunner.java:58) [junit-4.12.jar:4.12]
	at org.junit.runners.ParentRunner$2.evaluate(ParentRunner.java:268) [junit-4.12.jar:4.12]
	at org.springframework.test.context.junit4.statements.RunBeforeTestClassCallbacks.evaluate(RunBeforeTestClassCallbacks.java:61) [spring-test-5.0.5.RELEASE.jar:5.0.5.RELEASE]
	at org.springframework.test.context.junit4.statements.RunAfterTestClassCallbacks.evaluate(RunAfterTestClassCallbacks.java:70) [spring-test-5.0.5.RELEASE.jar:5.0.5.RELEASE]
	at org.junit.runners.ParentRunner.run(ParentRunner.java:363) [junit-4.12.jar:4.12]
	at org.springframework.test.context.junit4.SpringJUnit4ClassRunner.run(SpringJUnit4ClassRunner.java:190) [spring-test-5.0.5.RELEASE.jar:5.0.5.RELEASE]
	at org.apache.maven.surefire.junit4.JUnit4Provider.execute(JUnit4Provider.java:365) [surefire-junit4-2.21.0.jar:2.21.0]
	at org.apache.maven.surefire.junit4.JUnit4Provider.executeWithRerun(JUnit4Provider.java:273) [surefire-junit4-2.21.0.jar:2.21.0]
	at org.apache.maven.surefire.junit4.JUnit4Provider.executeTestSet(JUnit4Provider.java:238) [surefire-junit4-2.21.0.jar:2.21.0]
	at org.apache.maven.surefire.junit4.JUnit4Provider.invoke(JUnit4Provider.java:159) [surefire-junit4-2.21.0.jar:2.21.0]
	at org.apache.maven.surefire.booter.ForkedBooter.invokeProviderInSameClassLoader(ForkedBooter.java:379) [surefire-booter-2.21.0.jar:2.21.0]
	at org.apache.maven.surefire.booter.ForkedBooter.runSuitesInProcess(ForkedBooter.java:340) [surefire-booter-2.21.0.jar:2.21.0]
	at org.apache.maven.surefire.booter.ForkedBooter.execute(ForkedBooter.java:125) [surefire-booter-2.21.0.jar:2.21.0]
	at org.apache.maven.surefire.booter.ForkedBooter.main(ForkedBooter.java:413) [surefire-booter-2.21.0.jar:2.21.0]
Caused by: javax.persistence.PersistenceException: [PersistenceUnit: default] Unable to build Hibernate SessionFactory; nested exception is org.hibernate.MappingException: Repeated column in mapping for entity: com.upgrad.quora.service.entity.Question column: user_id (should be mapped with insert="false" update="false")
	at org.springframework.orm.jpa.AbstractEntityManagerFactoryBean.buildNativeEntityManagerFactory(AbstractEntityManagerFactoryBean.java:402) ~[spring-orm-5.0.5.RELEASE.jar:5.0.5.RELEASE]
	at org.springframework.orm.jpa.AbstractEntityManagerFactoryBean.afterPropertiesSet(AbstractEntityManagerFactoryBean.java:377) ~[spring-orm-5.0.5.RELEASE.jar:5.0.5.RELEASE]
	at org.springframework.orm.jpa.LocalContainerEntityManagerFactoryBean.afterPropertiesSet(LocalContainerEntityManagerFactoryBean.java:341) ~[spring-orm-5.0.5.RELEASE.jar:5.0.5.RELEASE]
	at org.springframework.beans.factory.support.AbstractAutowireCapableBeanFactory.invokeInitMethods(AbstractAutowireCapableBeanFactory.java:1761) ~[spring-beans-5.0.5.RELEASE.jar:5.0.5.RELEASE]
	at org.springframework.beans.factory.support.AbstractAutowireCapableBeanFactory.initializeBean(AbstractAutowireCapableBeanFactory.java:1698) ~[spring-beans-5.0.5.RELEASE.jar:5.0.5.RELEASE]
	... 42 common frames omitted
Caused by: org.hibernate.MappingException: Repeated column in mapping for entity: com.upgrad.quora.service.entity.Question column: user_id (should be mapped with insert="false" update="false")
	at org.hibernate.mapping.PersistentClass.checkColumnDuplication(PersistentClass.java:835) ~[hibernate-core-5.2.16.Final.jar:5.2.16.Final]
	at org.hibernate.mapping.PersistentClass.checkPropertyColumnDuplication(PersistentClass.java:853) ~[hibernate-core-5.2.16.Final.jar:5.2.16.Final]
	at org.hibernate.mapping.PersistentClass.checkColumnDuplication(PersistentClass.java:875) ~[hibernate-core-5.2.16.Final.jar:5.2.16.Final]
	at org.hibernate.mapping.PersistentClass.validate(PersistentClass.java:607) ~[hibernate-core-5.2.16.Final.jar:5.2.16.Final]
	at org.hibernate.mapping.RootClass.validate(RootClass.java:265) ~[hibernate-core-5.2.16.Final.jar:5.2.16.Final]
	at org.hibernate.boot.internal.MetadataImpl.validate(MetadataImpl.java:329) ~[hibernate-core-5.2.16.Final.jar:5.2.16.Final]
	at org.hibernate.boot.internal.SessionFactoryBuilderImpl.build(SessionFactoryBuilderImpl.java:459) ~[hibernate-core-5.2.16.Final.jar:5.2.16.Final]
	at org.hibernate.jpa.boot.internal.EntityManagerFactoryBuilderImpl.build(EntityManagerFactoryBuilderImpl.java:892) ~[hibernate-core-5.2.16.Final.jar:5.2.16.Final]
	at org.springframework.orm.jpa.vendor.SpringHibernateJpaPersistenceProvider.createContainerEntityManagerFactory(SpringHibernateJpaPersistenceProvider.java:57) ~[spring-orm-5.0.5.RELEASE.jar:5.0.5.RELEASE]
	at org.springframework.orm.jpa.LocalContainerEntityManagerFactoryBean.createNativeEntityManagerFactory(LocalContainerEntityManagerFactoryBean.java:365) ~[spring-orm-5.0.5.RELEASE.jar:5.0.5.RELEASE]
	at org.springframework.orm.jpa.AbstractEntityManagerFactoryBean.buildNativeEntityManagerFactory(AbstractEntityManagerFactoryBean.java:390) ~[spring-orm-5.0.5.RELEASE.jar:5.0.5.RELEASE]
	... 46 common frames omitted

2020-06-06 11:47:05.023 ERROR 15184 --- [           main] o.s.test.context.TestContextManager      : Caught exception while allowing TestExecutionListener [org.springframework.test.context.web.ServletTestExecutionListener@bcec361] to prepare test instance [com.upgrad.quora.api.controller.AnswerControllerTest@7611e295]

java.lang.IllegalStateException: Failed to load ApplicationContext
	at org.springframework.test.context.cache.DefaultCacheAwareContextLoaderDelegate.loadContext(DefaultCacheAwareContextLoaderDelegate.java:125) ~[spring-test-5.0.5.RELEASE.jar:5.0.5.RELEASE]
	at org.springframework.test.context.support.DefaultTestContext.getApplicationContext(DefaultTestContext.java:108) ~[spring-test-5.0.5.RELEASE.jar:5.0.5.RELEASE]
	at org.springframework.test.context.web.ServletTestExecutionListener.setUpRequestContextIfNecessary(ServletTestExecutionListener.java:190) ~[spring-test-5.0.5.RELEASE.jar:5.0.5.RELEASE]
	at org.springframework.test.context.web.ServletTestExecutionListener.prepareTestInstance(ServletTestExecutionListener.java:132) ~[spring-test-5.0.5.RELEASE.jar:5.0.5.RELEASE]
	at org.springframework.test.context.TestContextManager.prepareTestInstance(TestContextManager.java:246) ~[spring-test-5.0.5.RELEASE.jar:5.0.5.RELEASE]
	at org.springframework.test.context.junit4.SpringJUnit4ClassRunner.createTest(SpringJUnit4ClassRunner.java:227) [spring-test-5.0.5.RELEASE.jar:5.0.5.RELEASE]
	at org.springframework.test.context.junit4.SpringJUnit4ClassRunner$1.runReflectiveCall(SpringJUnit4ClassRunner.java:289) [spring-test-5.0.5.RELEASE.jar:5.0.5.RELEASE]
	at org.junit.internal.runners.model.ReflectiveCallable.run(ReflectiveCallable.java:12) [junit-4.12.jar:4.12]
	at org.springframework.test.context.junit4.SpringJUnit4ClassRunner.methodBlock(SpringJUnit4ClassRunner.java:291) [spring-test-5.0.5.RELEASE.jar:5.0.5.RELEASE]
	at org.springframework.test.context.junit4.SpringJUnit4ClassRunner.runChild(SpringJUnit4ClassRunner.java:246) [spring-test-5.0.5.RELEASE.jar:5.0.5.RELEASE]
	at org.springframework.test.context.junit4.SpringJUnit4ClassRunner.runChild(SpringJUnit4ClassRunner.java:97) [spring-test-5.0.5.RELEASE.jar:5.0.5.RELEASE]
	at org.junit.runners.ParentRunner$3.run(ParentRunner.java:290) [junit-4.12.jar:4.12]
	at org.junit.runners.ParentRunner$1.schedule(ParentRunner.java:71) [junit-4.12.jar:4.12]
	at org.junit.runners.ParentRunner.runChildren(ParentRunner.java:288) [junit-4.12.jar:4.12]
	at org.junit.runners.ParentRunner.access$000(ParentRunner.java:58) [junit-4.12.jar:4.12]
	at org.junit.runners.ParentRunner$2.evaluate(ParentRunner.java:268) [junit-4.12.jar:4.12]
	at org.springframework.test.context.junit4.statements.RunBeforeTestClassCallbacks.evaluate(RunBeforeTestClassCallbacks.java:61) [spring-test-5.0.5.RELEASE.jar:5.0.5.RELEASE]
	at org.springframework.test.context.junit4.statements.RunAfterTestClassCallbacks.evaluate(RunAfterTestClassCallbacks.java:70) [spring-test-5.0.5.RELEASE.jar:5.0.5.RELEASE]
	at org.junit.runners.ParentRunner.run(ParentRunner.java:363) [junit-4.12.jar:4.12]
	at org.springframework.test.context.junit4.SpringJUnit4ClassRunner.run(SpringJUnit4ClassRunner.java:190) [spring-test-5.0.5.RELEASE.jar:5.0.5.RELEASE]
	at org.apache.maven.surefire.junit4.JUnit4Provider.execute(JUnit4Provider.java:365) [surefire-junit4-2.21.0.jar:2.21.0]
	at org.apache.maven.surefire.junit4.JUnit4Provider.executeWithRerun(JUnit4Provider.java:273) [surefire-junit4-2.21.0.jar:2.21.0]
	at org.apache.maven.surefire.junit4.JUnit4Provider.executeTestSet(JUnit4Provider.java:238) [surefire-junit4-2.21.0.jar:2.21.0]
	at org.apache.maven.surefire.junit4.JUnit4Provider.invoke(JUnit4Provider.java:159) [surefire-junit4-2.21.0.jar:2.21.0]
	at org.apache.maven.surefire.booter.ForkedBooter.invokeProviderInSameClassLoader(ForkedBooter.java:379) [surefire-booter-2.21.0.jar:2.21.0]
	at org.apache.maven.surefire.booter.ForkedBooter.runSuitesInProcess(ForkedBooter.java:340) [surefire-booter-2.21.0.jar:2.21.0]
	at org.apache.maven.surefire.booter.ForkedBooter.execute(ForkedBooter.java:125) [surefire-booter-2.21.0.jar:2.21.0]
	at org.apache.maven.surefire.booter.ForkedBooter.main(ForkedBooter.java:413) [surefire-booter-2.21.0.jar:2.21.0]
Caused by: org.springframework.beans.factory.BeanCreationException: Error creating bean with name 'entityManagerFactory' defined in class path resource [org/springframework/boot/autoconfigure/orm/jpa/HibernateJpaConfiguration.class]: Invocation of init method failed; nested exception is javax.persistence.PersistenceException: [PersistenceUnit: default] Unable to build Hibernate SessionFactory; nested exception is org.hibernate.MappingException: Repeated column in mapping for entity: com.upgrad.quora.service.entity.Question column: user_id (should be mapped with insert="false" update="false")
	at org.springframework.beans.factory.support.AbstractAutowireCapableBeanFactory.initializeBean(AbstractAutowireCapableBeanFactory.java:1702) ~[spring-beans-5.0.5.RELEASE.jar:5.0.5.RELEASE]
	at org.springframework.beans.factory.support.AbstractAutowireCapableBeanFactory.doCreateBean(AbstractAutowireCapableBeanFactory.java:579) ~[spring-beans-5.0.5.RELEASE.jar:5.0.5.RELEASE]
	at org.springframework.beans.factory.support.AbstractAutowireCapableBeanFactory.createBean(AbstractAutowireCapableBeanFactory.java:501) ~[spring-beans-5.0.5.RELEASE.jar:5.0.5.RELEASE]
	at org.springframework.beans.factory.support.AbstractBeanFactory.lambda$doGetBean$0(AbstractBeanFactory.java:317) ~[spring-beans-5.0.5.RELEASE.jar:5.0.5.RELEASE]
	at org.springframework.beans.factory.support.DefaultSingletonBeanRegistry.getSingleton(DefaultSingletonBeanRegistry.java:228) ~[spring-beans-5.0.5.RELEASE.jar:5.0.5.RELEASE]
	at org.springframework.beans.factory.support.AbstractBeanFactory.doGetBean(AbstractBeanFactory.java:315) ~[spring-beans-5.0.5.RELEASE.jar:5.0.5.RELEASE]
	at org.springframework.beans.factory.support.AbstractBeanFactory.getBean(AbstractBeanFactory.java:199) ~[spring-beans-5.0.5.RELEASE.jar:5.0.5.RELEASE]
	at org.springframework.context.support.AbstractApplicationContext.getBean(AbstractApplicationContext.java:1089) ~[spring-context-5.0.8.RELEASE.jar:5.0.8.RELEASE]
	at org.springframework.context.support.AbstractApplicationContext.finishBeanFactoryInitialization(AbstractApplicationContext.java:859) ~[spring-context-5.0.8.RELEASE.jar:5.0.8.RELEASE]
	at org.springframework.context.support.AbstractApplicationContext.refresh(AbstractApplicationContext.java:550) ~[spring-context-5.0.8.RELEASE.jar:5.0.8.RELEASE]
	at org.springframework.boot.SpringApplication.refresh(SpringApplication.java:759) ~[spring-boot-2.0.1.RELEASE.jar:2.0.1.RELEASE]
	at org.springframework.boot.SpringApplication.refreshContext(SpringApplication.java:395) ~[spring-boot-2.0.1.RELEASE.jar:2.0.1.RELEASE]
	at org.springframework.boot.SpringApplication.run(SpringApplication.java:327) ~[spring-boot-2.0.1.RELEASE.jar:2.0.1.RELEASE]
	at org.springframework.boot.test.context.SpringBootContextLoader.loadContext(SpringBootContextLoader.java:138) ~[spring-boot-test-2.0.1.RELEASE.jar:2.0.1.RELEASE]
	at org.springframework.test.context.cache.DefaultCacheAwareContextLoaderDelegate.loadContextInternal(DefaultCacheAwareContextLoaderDelegate.java:99) ~[spring-test-5.0.5.RELEASE.jar:5.0.5.RELEASE]
	at org.springframework.test.context.cache.DefaultCacheAwareContextLoaderDelegate.loadContext(DefaultCacheAwareContextLoaderDelegate.java:117) ~[spring-test-5.0.5.RELEASE.jar:5.0.5.RELEASE]
	... 27 common frames omitted
Caused by: javax.persistence.PersistenceException: [PersistenceUnit: default] Unable to build Hibernate SessionFactory; nested exception is org.hibernate.MappingException: Repeated column in mapping for entity: com.upgrad.quora.service.entity.Question column: user_id (should be mapped with insert="false" update="false")
	at org.springframework.orm.jpa.AbstractEntityManagerFactoryBean.buildNativeEntityManagerFactory(AbstractEntityManagerFactoryBean.java:402) ~[spring-orm-5.0.5.RELEASE.jar:5.0.5.RELEASE]
	at org.springframework.orm.jpa.AbstractEntityManagerFactoryBean.afterPropertiesSet(AbstractEntityManagerFactoryBean.java:377) ~[spring-orm-5.0.5.RELEASE.jar:5.0.5.RELEASE]
	at org.springframework.orm.jpa.LocalContainerEntityManagerFactoryBean.afterPropertiesSet(LocalContainerEntityManagerFactoryBean.java:341) ~[spring-orm-5.0.5.RELEASE.jar:5.0.5.RELEASE]
	at org.springframework.beans.factory.support.AbstractAutowireCapableBeanFactory.invokeInitMethods(AbstractAutowireCapableBeanFactory.java:1761) ~[spring-beans-5.0.5.RELEASE.jar:5.0.5.RELEASE]
	at org.springframework.beans.factory.support.AbstractAutowireCapableBeanFactory.initializeBean(AbstractAutowireCapableBeanFactory.java:1698) ~[spring-beans-5.0.5.RELEASE.jar:5.0.5.RELEASE]
	... 42 common frames omitted
Caused by: org.hibernate.MappingException: Repeated column in mapping for entity: com.upgrad.quora.service.entity.Question column: user_id (should be mapped with insert="false" update="false")
	at org.hibernate.mapping.PersistentClass.checkColumnDuplication(PersistentClass.java:835) ~[hibernate-core-5.2.16.Final.jar:5.2.16.Final]
	at org.hibernate.mapping.PersistentClass.checkPropertyColumnDuplication(PersistentClass.java:853) ~[hibernate-core-5.2.16.Final.jar:5.2.16.Final]
	at org.hibernate.mapping.PersistentClass.checkColumnDuplication(PersistentClass.java:875) ~[hibernate-core-5.2.16.Final.jar:5.2.16.Final]
	at org.hibernate.mapping.PersistentClass.validate(PersistentClass.java:607) ~[hibernate-core-5.2.16.Final.jar:5.2.16.Final]
	at org.hibernate.mapping.RootClass.validate(RootClass.java:265) ~[hibernate-core-5.2.16.Final.jar:5.2.16.Final]
	at org.hibernate.boot.internal.MetadataImpl.validate(MetadataImpl.java:329) ~[hibernate-core-5.2.16.Final.jar:5.2.16.Final]
	at org.hibernate.boot.internal.SessionFactoryBuilderImpl.build(SessionFactoryBuilderImpl.java:459) ~[hibernate-core-5.2.16.Final.jar:5.2.16.Final]
	at org.hibernate.jpa.boot.internal.EntityManagerFactoryBuilderImpl.build(EntityManagerFactoryBuilderImpl.java:892) ~[hibernate-core-5.2.16.Final.jar:5.2.16.Final]
	at org.springframework.orm.jpa.vendor.SpringHibernateJpaPersistenceProvider.createContainerEntityManagerFactory(SpringHibernateJpaPersistenceProvider.java:57) ~[spring-orm-5.0.5.RELEASE.jar:5.0.5.RELEASE]
	at org.springframework.orm.jpa.LocalContainerEntityManagerFactoryBean.createNativeEntityManagerFactory(LocalContainerEntityManagerFactoryBean.java:365) ~[spring-orm-5.0.5.RELEASE.jar:5.0.5.RELEASE]
	at org.springframework.orm.jpa.AbstractEntityManagerFactoryBean.buildNativeEntityManagerFactory(AbstractEntityManagerFactoryBean.java:390) ~[spring-orm-5.0.5.RELEASE.jar:5.0.5.RELEASE]
	... 46 common frames omitted

]]></system-out>
  </testcase>
</testsuite>